{"/Users/gcsapo/Documents/eyeglass/lib/index.js":{"path":"/Users/gcsapo/Documents/eyeglass/lib/index.js","statementMap":{"0":{"start":{"line":3,"column":22},"end":{"line":3,"column":58}},"1":{"start":{"line":4,"column":22},"end":{"line":4,"column":58}},"2":{"start":{"line":5,"column":21},"end":{"line":5,"column":58}},"3":{"start":{"line":6,"column":20},"end":{"line":6,"column":56}},"4":{"start":{"line":7,"column":17},"end":{"line":7,"column":50}},"5":{"start":{"line":8,"column":14},"end":{"line":8,"column":39}},"6":{"start":{"line":9,"column":13},"end":{"line":9,"column":39}},"7":{"start":{"line":10,"column":17},"end":{"line":10,"column":45}},"8":{"start":{"line":11,"column":20},"end":{"line":11,"column":51}},"9":{"start":{"line":12,"column":9},"end":{"line":12,"column":28}},"10":{"start":{"line":13,"column":10},"end":{"line":13,"column":36}},"11":{"start":{"line":17,"column":2},"end":{"line":19,"column":3}},"12":{"start":{"line":18,"column":4},"end":{"line":18,"column":66}},"13":{"start":{"line":22,"column":2},"end":{"line":22,"column":43}},"14":{"start":{"line":24,"column":2},"end":{"line":24,"column":77}},"15":{"start":{"line":25,"column":2},"end":{"line":25,"column":69}},"16":{"start":{"line":26,"column":2},"end":{"line":30,"column":4}},"17":{"start":{"line":32,"column":2},"end":{"line":32,"column":48}},"18":{"start":{"line":34,"column":2},"end":{"line":34,"column":99}},"19":{"start":{"line":36,"column":2},"end":{"line":36,"column":38}},"20":{"start":{"line":39,"column":2},"end":{"line":39,"column":62}},"21":{"start":{"line":42,"column":2},"end":{"line":42,"column":26}},"22":{"start":{"line":43,"column":2},"end":{"line":43,"column":26}},"23":{"start":{"line":46,"column":2},"end":{"line":46,"column":55}},"24":{"start":{"line":49,"column":2},"end":{"line":54,"column":3}},"25":{"start":{"line":50,"column":4},"end":{"line":53,"column":18}},"26":{"start":{"line":52,"column":6},"end":{"line":52,"column":64}},"27":{"start":{"line":57,"column":0},"end":{"line":57,"column":31}},"28":{"start":{"line":60,"column":16},"end":{"line":60,"column":56}},"29":{"start":{"line":61,"column":2},"end":{"line":70,"column":3}},"30":{"start":{"line":62,"column":18},"end":{"line":62,"column":64}},"31":{"start":{"line":63,"column":4},"end":{"line":65,"column":8}},"32":{"start":{"line":64,"column":6},"end":{"line":64,"column":24}},"33":{"start":{"line":66,"column":4},"end":{"line":66,"column":63}},"34":{"start":{"line":69,"column":4},"end":{"line":69,"column":37}},"35":{"start":{"line":74,"column":19},"end":{"line":79,"column":3}},"36":{"start":{"line":80,"column":22},"end":{"line":85,"column":3}},"37":{"start":{"line":86,"column":2},"end":{"line":91,"column":4}},"38":{"start":{"line":95,"column":2},"end":{"line":100,"column":4}},"39":{"start":{"line":103,"column":0},"end":{"line":103,"column":26}},"40":{"start":{"line":106,"column":2},"end":{"line":130,"column":16}},"41":{"start":{"line":107,"column":4},"end":{"line":129,"column":7}},"42":{"start":{"line":109,"column":8},"end":{"line":112,"column":10}},"43":{"start":{"line":113,"column":8},"end":{"line":113,"column":43}},"44":{"start":{"line":116,"column":8},"end":{"line":126,"column":10}},"45":{"start":{"line":127,"column":8},"end":{"line":127,"column":44}},"46":{"start":{"line":134,"column":0},"end":{"line":139,"column":2}},"47":{"start":{"line":135,"column":2},"end":{"line":137,"column":4}},"48":{"start":{"line":138,"column":2},"end":{"line":138,"column":22}},"49":{"start":{"line":141,"column":0},"end":{"line":145,"column":2}},"50":{"start":{"line":142,"column":17},"end":{"line":142,"column":61}},"51":{"start":{"line":143,"column":2},"end":{"line":143,"column":52}},"52":{"start":{"line":144,"column":2},"end":{"line":144,"column":18}},"53":{"start":{"line":147,"column":0},"end":{"line":151,"column":2}},"54":{"start":{"line":148,"column":17},"end":{"line":148,"column":61}},"55":{"start":{"line":149,"column":2},"end":{"line":149,"column":52}},"56":{"start":{"line":150,"column":2},"end":{"line":150,"column":26}},"57":{"start":{"line":154,"column":2},"end":{"line":157,"column":3}}},"fnMap":{"0":{"name":"Eyeglass","decl":{"start":{"line":15,"column":9},"end":{"line":15,"column":17}},"loc":{"start":{"line":15,"column":50},"end":{"line":55,"column":1}},"line":15},"1":{"name":"(anonymous_1)","decl":{"start":{"line":50,"column":49},"end":{"line":50,"column":50}},"loc":{"start":{"line":50,"column":71},"end":{"line":53,"column":5}},"line":50},"2":{"name":"checkMissingDependencies","decl":{"start":{"line":59,"column":9},"end":{"line":59,"column":33}},"loc":{"start":{"line":59,"column":36},"end":{"line":71,"column":1}},"line":59},"3":{"name":"(anonymous_3)","decl":{"start":{"line":63,"column":44},"end":{"line":63,"column":45}},"loc":{"start":{"line":63,"column":58},"end":{"line":65,"column":5}},"line":63},"4":{"name":"addImporters","decl":{"start":{"line":73,"column":9},"end":{"line":73,"column":21}},"loc":{"start":{"line":73,"column":24},"end":{"line":92,"column":1}},"line":73},"5":{"name":"addFunctions","decl":{"start":{"line":94,"column":9},"end":{"line":94,"column":21}},"loc":{"start":{"line":94,"column":24},"end":{"line":101,"column":1}},"line":94},"6":{"name":"deprecateProperties","decl":{"start":{"line":105,"column":9},"end":{"line":105,"column":28}},"loc":{"start":{"line":105,"column":41},"end":{"line":131,"column":1}},"line":105},"7":{"name":"(anonymous_7)","decl":{"start":{"line":106,"column":21},"end":{"line":106,"column":22}},"loc":{"start":{"line":106,"column":36},"end":{"line":130,"column":3}},"line":106},"8":{"name":"(anonymous_8)","decl":{"start":{"line":108,"column":11},"end":{"line":108,"column":12}},"loc":{"start":{"line":108,"column":22},"end":{"line":114,"column":7}},"line":108},"9":{"name":"(anonymous_9)","decl":{"start":{"line":115,"column":11},"end":{"line":115,"column":12}},"loc":{"start":{"line":115,"column":27},"end":{"line":128,"column":7}},"line":115},"10":{"name":"(anonymous_10)","decl":{"start":{"line":134,"column":33},"end":{"line":134,"column":34}},"loc":{"start":{"line":134,"column":44},"end":{"line":139,"column":1}},"line":134},"11":{"name":"(anonymous_11)","decl":{"start":{"line":141,"column":26},"end":{"line":141,"column":27}},"loc":{"start":{"line":141,"column":67},"end":{"line":145,"column":1}},"line":141},"12":{"name":"(anonymous_12)","decl":{"start":{"line":147,"column":26},"end":{"line":147,"column":27}},"loc":{"start":{"line":147,"column":67},"end":{"line":151,"column":1}},"line":147},"13":{"name":"deprecateMethodWarning","decl":{"start":{"line":153,"column":9},"end":{"line":153,"column":31}},"loc":{"start":{"line":153,"column":40},"end":{"line":158,"column":1}},"line":153}},"branchMap":{"0":{"loc":{"start":{"line":17,"column":2},"end":{"line":19,"column":3}},"type":"if","locations":[{"start":{"line":17,"column":2},"end":{"line":19,"column":3}},{"start":{"line":17,"column":2},"end":{"line":19,"column":3}}],"line":17},"1":{"loc":{"start":{"line":49,"column":2},"end":{"line":54,"column":3}},"type":"if","locations":[{"start":{"line":49,"column":2},"end":{"line":54,"column":3}},{"start":{"line":49,"column":2},"end":{"line":54,"column":3}}],"line":49},"2":{"loc":{"start":{"line":61,"column":2},"end":{"line":70,"column":3}},"type":"if","locations":[{"start":{"line":61,"column":2},"end":{"line":70,"column":3}},{"start":{"line":61,"column":2},"end":{"line":70,"column":3}}],"line":61}},"s":{"0":1,"1":1,"2":1,"3":1,"4":1,"5":1,"6":1,"7":1,"8":1,"9":1,"10":1,"11":245,"12":71,"13":174,"14":174,"15":174,"16":174,"17":173,"18":173,"19":172,"20":172,"21":172,"22":172,"23":172,"24":172,"25":18,"26":24,"27":1,"28":172,"29":172,"30":1,"31":1,"32":1,"33":1,"34":1,"35":172,"36":172,"37":172,"38":172,"39":1,"40":172,"41":172,"42":1,"43":1,"44":1,"45":1,"46":1,"47":4,"48":4,"49":1,"50":4,"51":4,"52":4,"53":1,"54":1,"55":1,"56":1,"57":5},"f":{"0":245,"1":24,"2":172,"3":1,"4":172,"5":172,"6":172,"7":172,"8":1,"9":1,"10":4,"11":4,"12":1,"13":5},"b":{"0":[71,174],"1":[18,154],"2":[1,171]},"_coverageSchema":"43e27e138ebf9cfc5966b082cf9a028302ed4184","hash":"4249142ee34f84fb20d6692b9495168cb4e66a19","contentHash":"10c277007689ad308c27ad84dce0df40"},"/Users/gcsapo/Documents/eyeglass/lib/modules/EyeglassModules.js":{"path":"/Users/gcsapo/Documents/eyeglass/lib/modules/EyeglassModules.js","statementMap":{"0":{"start":{"line":3,"column":14},"end":{"line":3,"column":40}},"1":{"start":{"line":4,"column":19},"end":{"line":4,"column":45}},"2":{"start":{"line":5,"column":21},"end":{"line":5,"column":48}},"3":{"start":{"line":6,"column":18},"end":{"line":6,"column":48}},"4":{"start":{"line":7,"column":12},"end":{"line":7,"column":36}},"5":{"start":{"line":8,"column":11},"end":{"line":8,"column":26}},"6":{"start":{"line":9,"column":12},"end":{"line":9,"column":35}},"7":{"start":{"line":10,"column":13},"end":{"line":10,"column":30}},"8":{"start":{"line":11,"column":12},"end":{"line":11,"column":28}},"9":{"start":{"line":12,"column":9},"end":{"line":12,"column":22}},"10":{"start":{"line":13,"column":10},"end":{"line":13,"column":32}},"11":{"start":{"line":15,"column":24},"end":{"line":15,"column":41}},"12":{"start":{"line":26,"column":2},"end":{"line":35,"column":4}},"13":{"start":{"line":37,"column":2},"end":{"line":40,"column":4}},"14":{"start":{"line":43,"column":2},"end":{"line":43,"column":59}},"15":{"start":{"line":46,"column":19},"end":{"line":46,"column":54}},"16":{"start":{"line":49,"column":2},"end":{"line":57,"column":3}},"17":{"start":{"line":50,"column":4},"end":{"line":56,"column":43}},"18":{"start":{"line":51,"column":6},"end":{"line":53,"column":38}},"19":{"start":{"line":54,"column":6},"end":{"line":54,"column":35}},"20":{"start":{"line":55,"column":6},"end":{"line":55,"column":26}},"21":{"start":{"line":60,"column":19},"end":{"line":60,"column":71}},"22":{"start":{"line":63,"column":2},"end":{"line":63,"column":31}},"23":{"start":{"line":65,"column":2},"end":{"line":67,"column":5}},"24":{"start":{"line":66,"column":4},"end":{"line":66,"column":28}},"25":{"start":{"line":69,"column":2},"end":{"line":69,"column":53}},"26":{"start":{"line":71,"column":2},"end":{"line":71,"column":37}},"27":{"start":{"line":73,"column":2},"end":{"line":73,"column":40}},"28":{"start":{"line":76,"column":2},"end":{"line":76,"column":28}},"29":{"start":{"line":88,"column":0},"end":{"line":92,"column":2}},"30":{"start":{"line":89,"column":2},"end":{"line":91,"column":5}},"31":{"start":{"line":90,"column":4},"end":{"line":90,"column":29}},"32":{"start":{"line":101,"column":0},"end":{"line":112,"column":2}},"33":{"start":{"line":102,"column":12},"end":{"line":102,"column":27}},"34":{"start":{"line":105,"column":2},"end":{"line":108,"column":3}},"35":{"start":{"line":107,"column":4},"end":{"line":107,"column":16}},"36":{"start":{"line":111,"column":2},"end":{"line":111,"column":13}},"37":{"start":{"line":120,"column":0},"end":{"line":122,"column":2}},"38":{"start":{"line":121,"column":2},"end":{"line":121,"column":41}},"39":{"start":{"line":129,"column":0},"end":{"line":133,"column":2}},"40":{"start":{"line":130,"column":18},"end":{"line":130,"column":41}},"41":{"start":{"line":131,"column":2},"end":{"line":131,"column":52}},"42":{"start":{"line":132,"column":2},"end":{"line":132,"column":26}},"43":{"start":{"line":142,"column":2},"end":{"line":153,"column":16}},"44":{"start":{"line":144,"column":4},"end":{"line":152,"column":5}},"45":{"start":{"line":147,"column":6},"end":{"line":147,"column":43}},"46":{"start":{"line":148,"column":11},"end":{"line":152,"column":5}},"47":{"start":{"line":151,"column":6},"end":{"line":151,"column":48}},"48":{"start":{"line":164,"column":2},"end":{"line":164,"column":76}},"49":{"start":{"line":174,"column":2},"end":{"line":179,"column":3}},"50":{"start":{"line":176,"column":4},"end":{"line":178,"column":7}},"51":{"start":{"line":177,"column":6},"end":{"line":177,"column":46}},"52":{"start":{"line":190,"column":2},"end":{"line":194,"column":4}},"53":{"start":{"line":206,"column":20},"end":{"line":206,"column":77}},"54":{"start":{"line":208,"column":15},"end":{"line":212,"column":3}},"55":{"start":{"line":214,"column":21},"end":{"line":214,"column":44}},"56":{"start":{"line":215,"column":2},"end":{"line":221,"column":3}},"57":{"start":{"line":217,"column":4},"end":{"line":220,"column":22}},"58":{"start":{"line":218,"column":6},"end":{"line":218,"column":66}},"59":{"start":{"line":219,"column":6},"end":{"line":219,"column":18}},"60":{"start":{"line":222,"column":2},"end":{"line":222,"column":16}},"61":{"start":{"line":234,"column":2},"end":{"line":245,"column":9}},"62":{"start":{"line":235,"column":14},"end":{"line":235,"column":24}},"63":{"start":{"line":237,"column":4},"end":{"line":239,"column":5}},"64":{"start":{"line":238,"column":6},"end":{"line":238,"column":25}},"65":{"start":{"line":241,"column":4},"end":{"line":243,"column":5}},"66":{"start":{"line":242,"column":6},"end":{"line":242,"column":79}},"67":{"start":{"line":244,"column":4},"end":{"line":244,"column":20}},"68":{"start":{"line":259,"column":2},"end":{"line":261,"column":3}},"69":{"start":{"line":260,"column":4},"end":{"line":260,"column":16}},"70":{"start":{"line":263,"column":22},"end":{"line":290,"column":14}},"71":{"start":{"line":265,"column":14},"end":{"line":265,"column":53}},"72":{"start":{"line":266,"column":19},"end":{"line":266,"column":37}},"73":{"start":{"line":267,"column":4},"end":{"line":289,"column":18}},"74":{"start":{"line":269,"column":21},"end":{"line":271,"column":13}},"75":{"start":{"line":273,"column":22},"end":{"line":279,"column":8}},"76":{"start":{"line":276,"column":8},"end":{"line":278,"column":9}},"77":{"start":{"line":277,"column":10},"end":{"line":277,"column":22}},"78":{"start":{"line":288,"column":6},"end":{"line":288,"column":23}},"79":{"start":{"line":293,"column":18},"end":{"line":293,"column":39}},"80":{"start":{"line":296,"column":2},"end":{"line":304,"column":3}},"81":{"start":{"line":298,"column":21},"end":{"line":298,"column":44}},"82":{"start":{"line":300,"column":4},"end":{"line":303,"column":5}},"83":{"start":{"line":306,"column":2},"end":{"line":306,"column":19}},"84":{"start":{"line":318,"column":2},"end":{"line":322,"column":3}},"85":{"start":{"line":319,"column":4},"end":{"line":319,"column":34}},"86":{"start":{"line":320,"column":4},"end":{"line":320,"column":60}},"87":{"start":{"line":321,"column":4},"end":{"line":321,"column":41}},"88":{"start":{"line":324,"column":21},"end":{"line":324,"column":40}},"89":{"start":{"line":326,"column":2},"end":{"line":330,"column":3}},"90":{"start":{"line":327,"column":4},"end":{"line":329,"column":25}},"91":{"start":{"line":328,"column":6},"end":{"line":328,"column":58}},"92":{"start":{"line":332,"column":2},"end":{"line":332,"column":20}},"93":{"start":{"line":343,"column":2},"end":{"line":363,"column":5}},"94":{"start":{"line":345,"column":4},"end":{"line":353,"column":5}},"95":{"start":{"line":356,"column":4},"end":{"line":362,"column":5}},"96":{"start":{"line":357,"column":6},"end":{"line":361,"column":8}},"97":{"start":{"line":375,"column":2},"end":{"line":389,"column":20}},"98":{"start":{"line":377,"column":19},"end":{"line":379,"column":6}},"99":{"start":{"line":378,"column":6},"end":{"line":378,"column":45}},"100":{"start":{"line":381,"column":4},"end":{"line":381,"column":37}},"101":{"start":{"line":383,"column":4},"end":{"line":386,"column":6}},"102":{"start":{"line":388,"column":4},"end":{"line":388,"column":19}},"103":{"start":{"line":401,"column":2},"end":{"line":401,"column":31}},"104":{"start":{"line":412,"column":17},"end":{"line":412,"column":60}},"105":{"start":{"line":413,"column":2},"end":{"line":424,"column":16}},"106":{"start":{"line":414,"column":14},"end":{"line":414,"column":46}},"107":{"start":{"line":415,"column":24},"end":{"line":415,"column":65}},"108":{"start":{"line":417,"column":4},"end":{"line":423,"column":5}},"109":{"start":{"line":419,"column":6},"end":{"line":422,"column":45}},"110":{"start":{"line":433,"column":20},"end":{"line":433,"column":55}},"111":{"start":{"line":434,"column":20},"end":{"line":434,"column":56}},"112":{"start":{"line":436,"column":20},"end":{"line":436,"column":76}},"113":{"start":{"line":438,"column":2},"end":{"line":438,"column":47}},"114":{"start":{"line":447,"column":17},"end":{"line":447,"column":78}},"115":{"start":{"line":448,"column":2},"end":{"line":458,"column":5}},"116":{"start":{"line":449,"column":4},"end":{"line":457,"column":5}},"117":{"start":{"line":450,"column":6},"end":{"line":450,"column":44}},"118":{"start":{"line":468,"column":12},"end":{"line":468,"column":63}},"119":{"start":{"line":469,"column":21},"end":{"line":469,"column":23}},"120":{"start":{"line":473,"column":2},"end":{"line":482,"column":3}},"121":{"start":{"line":474,"column":4},"end":{"line":481,"column":6}},"122":{"start":{"line":485,"column":2},"end":{"line":504,"column":20}},"123":{"start":{"line":487,"column":22},"end":{"line":492,"column":5}},"124":{"start":{"line":493,"column":4},"end":{"line":502,"column":5}},"125":{"start":{"line":495,"column":6},"end":{"line":495,"column":56}},"126":{"start":{"line":498,"column":27},"end":{"line":498,"column":64}},"127":{"start":{"line":499,"column":6},"end":{"line":501,"column":7}},"128":{"start":{"line":500,"column":8},"end":{"line":500,"column":54}},"129":{"start":{"line":503,"column":4},"end":{"line":503,"column":19}},"130":{"start":{"line":507,"column":2},"end":{"line":510,"column":3}},"131":{"start":{"line":509,"column":4},"end":{"line":509,"column":89}},"132":{"start":{"line":512,"column":2},"end":{"line":512,"column":64}},"133":{"start":{"line":515,"column":0},"end":{"line":515,"column":33}}},"fnMap":{"0":{"name":"EyeglassModules","decl":{"start":{"line":25,"column":9},"end":{"line":25,"column":24}},"loc":{"start":{"line":25,"column":61},"end":{"line":80,"column":1}},"line":25},"1":{"name":"(anonymous_1)","decl":{"start":{"line":50,"column":45},"end":{"line":50,"column":46}},"loc":{"start":{"line":50,"column":73},"end":{"line":56,"column":5}},"line":50},"2":{"name":"(anonymous_2)","decl":{"start":{"line":65,"column":42},"end":{"line":65,"column":43}},"loc":{"start":{"line":65,"column":57},"end":{"line":67,"column":3}},"line":65},"3":{"name":"(anonymous_3)","decl":{"start":{"line":88,"column":33},"end":{"line":88,"column":34}},"loc":{"start":{"line":88,"column":58},"end":{"line":92,"column":1}},"line":88},"4":{"name":"(anonymous_4)","decl":{"start":{"line":89,"column":20},"end":{"line":89,"column":21}},"loc":{"start":{"line":89,"column":34},"end":{"line":91,"column":3}},"line":89},"5":{"name":"(anonymous_5)","decl":{"start":{"line":101,"column":35},"end":{"line":101,"column":36}},"loc":{"start":{"line":101,"column":58},"end":{"line":112,"column":1}},"line":101},"6":{"name":"(anonymous_6)","decl":{"start":{"line":120,"column":33},"end":{"line":120,"column":34}},"loc":{"start":{"line":120,"column":48},"end":{"line":122,"column":1}},"line":120},"7":{"name":"(anonymous_7)","decl":{"start":{"line":129,"column":37},"end":{"line":129,"column":38}},"loc":{"start":{"line":129,"column":48},"end":{"line":133,"column":1}},"line":129},"8":{"name":"checkForIssues","decl":{"start":{"line":141,"column":9},"end":{"line":141,"column":23}},"loc":{"start":{"line":141,"column":26},"end":{"line":154,"column":1}},"line":141},"9":{"name":"(anonymous_9)","decl":{"start":{"line":142,"column":20},"end":{"line":142,"column":21}},"loc":{"start":{"line":142,"column":34},"end":{"line":153,"column":3}},"line":142},"10":{"name":"getDecoratedRootName","decl":{"start":{"line":163,"column":9},"end":{"line":163,"column":29}},"loc":{"start":{"line":163,"column":32},"end":{"line":165,"column":1}},"line":163},"11":{"name":"getHierarchyNodes","decl":{"start":{"line":173,"column":9},"end":{"line":173,"column":26}},"loc":{"start":{"line":173,"column":41},"end":{"line":180,"column":1}},"line":173},"12":{"name":"(anonymous_12)","decl":{"start":{"line":176,"column":41},"end":{"line":176,"column":42}},"loc":{"start":{"line":176,"column":56},"end":{"line":178,"column":5}},"line":176},"13":{"name":"getHierarchy","decl":{"start":{"line":188,"column":9},"end":{"line":188,"column":21}},"loc":{"start":{"line":188,"column":30},"end":{"line":195,"column":1}},"line":188},"14":{"name":"pruneModuleTree","decl":{"start":{"line":205,"column":9},"end":{"line":205,"column":24}},"loc":{"start":{"line":205,"column":37},"end":{"line":223,"column":1}},"line":205},"15":{"name":"(anonymous_15)","decl":{"start":{"line":217,"column":59},"end":{"line":217,"column":60}},"loc":{"start":{"line":217,"column":80},"end":{"line":220,"column":5}},"line":217},"16":{"name":"findBranchesByPath","decl":{"start":{"line":232,"column":9},"end":{"line":232,"column":27}},"loc":{"start":{"line":232,"column":39},"end":{"line":246,"column":1}},"line":232},"17":{"name":"(anonymous_17)","decl":{"start":{"line":234,"column":34},"end":{"line":234,"column":35}},"loc":{"start":{"line":234,"column":59},"end":{"line":245,"column":3}},"line":234},"18":{"name":"canAccessModule","decl":{"start":{"line":257,"column":9},"end":{"line":257,"column":24}},"loc":{"start":{"line":257,"column":39},"end":{"line":307,"column":1}},"line":257},"19":{"name":"canAccessFrom","decl":{"start":{"line":263,"column":31},"end":{"line":263,"column":44}},"loc":{"start":{"line":263,"column":53},"end":{"line":290,"column":3}},"line":263},"20":{"name":"(anonymous_20)","decl":{"start":{"line":267,"column":49},"end":{"line":267,"column":50}},"loc":{"start":{"line":267,"column":60},"end":{"line":289,"column":5}},"line":267},"21":{"name":"(anonymous_21)","decl":{"start":{"line":273,"column":36},"end":{"line":273,"column":37}},"loc":{"start":{"line":273,"column":53},"end":{"line":279,"column":7}},"line":273},"22":{"name":"flattenModules","decl":{"start":{"line":316,"column":9},"end":{"line":316,"column":23}},"loc":{"start":{"line":316,"column":44},"end":{"line":333,"column":1}},"line":316},"23":{"name":"(anonymous_23)","decl":{"start":{"line":327,"column":44},"end":{"line":327,"column":45}},"loc":{"start":{"line":327,"column":69},"end":{"line":329,"column":5}},"line":327},"24":{"name":"getDependencyVersionIssues","decl":{"start":{"line":342,"column":9},"end":{"line":342,"column":35}},"loc":{"start":{"line":342,"column":58},"end":{"line":364,"column":1}},"line":342},"25":{"name":"(anonymous_25)","decl":{"start":{"line":343,"column":21},"end":{"line":343,"column":22}},"loc":{"start":{"line":343,"column":35},"end":{"line":363,"column":3}},"line":343},"26":{"name":"dedupeModules","decl":{"start":{"line":374,"column":9},"end":{"line":374,"column":22}},"loc":{"start":{"line":374,"column":32},"end":{"line":390,"column":1}},"line":374},"27":{"name":"(anonymous_27)","decl":{"start":{"line":375,"column":37},"end":{"line":375,"column":38}},"loc":{"start":{"line":375,"column":61},"end":{"line":389,"column":3}},"line":375},"28":{"name":"(anonymous_28)","decl":{"start":{"line":377,"column":38},"end":{"line":377,"column":39}},"loc":{"start":{"line":377,"column":53},"end":{"line":379,"column":5}},"line":377},"29":{"name":"getFinalModule","decl":{"start":{"line":400,"column":9},"end":{"line":400,"column":23}},"loc":{"start":{"line":400,"column":30},"end":{"line":402,"column":1}},"line":400},"30":{"name":"resolveModule","decl":{"start":{"line":411,"column":9},"end":{"line":411,"column":22}},"loc":{"start":{"line":411,"column":40},"end":{"line":425,"column":1}},"line":411},"31":{"name":"(anonymous_31)","decl":{"start":{"line":413,"column":48},"end":{"line":413,"column":49}},"loc":{"start":{"line":413,"column":59},"end":{"line":424,"column":3}},"line":413},"32":{"name":"getEyeglassSelf","decl":{"start":{"line":432,"column":9},"end":{"line":432,"column":24}},"loc":{"start":{"line":432,"column":27},"end":{"line":439,"column":1}},"line":432},"33":{"name":"resolveModulePackage","decl":{"start":{"line":446,"column":9},"end":{"line":446,"column":29}},"loc":{"start":{"line":446,"column":53},"end":{"line":459,"column":1}},"line":446},"34":{"name":"(anonymous_34)","decl":{"start":{"line":448,"column":48},"end":{"line":448,"column":49}},"loc":{"start":{"line":448,"column":59},"end":{"line":458,"column":3}},"line":448},"35":{"name":"discoverModules","decl":{"start":{"line":467,"column":9},"end":{"line":467,"column":24}},"loc":{"start":{"line":467,"column":34},"end":{"line":513,"column":1}},"line":467},"36":{"name":"(anonymous_36)","decl":{"start":{"line":485,"column":50},"end":{"line":485,"column":51}},"loc":{"start":{"line":485,"column":80},"end":{"line":504,"column":3}},"line":485}},"branchMap":{"0":{"loc":{"start":{"line":39,"column":13},"end":{"line":39,"column":73}},"type":"cond-expr","locations":[{"start":{"line":39,"column":36},"end":{"line":39,"column":53}},{"start":{"line":39,"column":56},"end":{"line":39,"column":73}}],"line":39},"1":{"loc":{"start":{"line":49,"column":2},"end":{"line":57,"column":3}},"type":"if","locations":[{"start":{"line":49,"column":2},"end":{"line":57,"column":3}},{"start":{"line":49,"column":2},"end":{"line":57,"column":3}}],"line":49},"2":{"loc":{"start":{"line":49,"column":6},"end":{"line":49,"column":31}},"type":"binary-expr","locations":[{"start":{"line":49,"column":6},"end":{"line":49,"column":13}},{"start":{"line":49,"column":17},"end":{"line":49,"column":31}}],"line":49},"3":{"loc":{"start":{"line":105,"column":2},"end":{"line":108,"column":3}},"type":"if","locations":[{"start":{"line":105,"column":2},"end":{"line":108,"column":3}},{"start":{"line":105,"column":2},"end":{"line":108,"column":3}}],"line":105},"4":{"loc":{"start":{"line":105,"column":6},"end":{"line":105,"column":54}},"type":"binary-expr","locations":[{"start":{"line":105,"column":6},"end":{"line":105,"column":9}},{"start":{"line":105,"column":13},"end":{"line":105,"column":54}}],"line":105},"5":{"loc":{"start":{"line":144,"column":4},"end":{"line":152,"column":5}},"type":"if","locations":[{"start":{"line":144,"column":4},"end":{"line":152,"column":5}},{"start":{"line":144,"column":4},"end":{"line":152,"column":5}}],"line":144},"6":{"loc":{"start":{"line":144,"column":8},"end":{"line":144,"column":44}},"type":"binary-expr","locations":[{"start":{"line":144,"column":8},"end":{"line":144,"column":21}},{"start":{"line":144,"column":25},"end":{"line":144,"column":44}}],"line":144},"7":{"loc":{"start":{"line":148,"column":11},"end":{"line":152,"column":5}},"type":"if","locations":[{"start":{"line":148,"column":11},"end":{"line":152,"column":5}},{"start":{"line":148,"column":11},"end":{"line":152,"column":5}}],"line":148},"8":{"loc":{"start":{"line":164,"column":20},"end":{"line":164,"column":74}},"type":"cond-expr","locations":[{"start":{"line":164,"column":41},"end":{"line":164,"column":69}},{"start":{"line":164,"column":72},"end":{"line":164,"column":74}}],"line":164},"9":{"loc":{"start":{"line":174,"column":2},"end":{"line":179,"column":3}},"type":"if","locations":[{"start":{"line":174,"column":2},"end":{"line":179,"column":3}},{"start":{"line":174,"column":2},"end":{"line":179,"column":3}}],"line":174},"10":{"loc":{"start":{"line":192,"column":26},"end":{"line":192,"column":68}},"type":"cond-expr","locations":[{"start":{"line":192,"column":43},"end":{"line":192,"column":63}},{"start":{"line":192,"column":66},"end":{"line":192,"column":68}}],"line":192},"11":{"loc":{"start":{"line":206,"column":20},"end":{"line":206,"column":77}},"type":"binary-expr","locations":[{"start":{"line":206,"column":20},"end":{"line":206,"column":47}},{"start":{"line":206,"column":51},"end":{"line":206,"column":77}}],"line":206},"12":{"loc":{"start":{"line":209,"column":10},"end":{"line":209,"column":60}},"type":"binary-expr","locations":[{"start":{"line":209,"column":10},"end":{"line":209,"column":21}},{"start":{"line":209,"column":25},"end":{"line":209,"column":41}},{"start":{"line":209,"column":45},"end":{"line":209,"column":60}}],"line":209},"13":{"loc":{"start":{"line":210,"column":13},"end":{"line":210,"column":69}},"type":"binary-expr","locations":[{"start":{"line":210,"column":13},"end":{"line":210,"column":24}},{"start":{"line":210,"column":28},"end":{"line":210,"column":47}},{"start":{"line":210,"column":51},"end":{"line":210,"column":69}}],"line":210},"14":{"loc":{"start":{"line":211,"column":10},"end":{"line":211,"column":60}},"type":"binary-expr","locations":[{"start":{"line":211,"column":10},"end":{"line":211,"column":21}},{"start":{"line":211,"column":25},"end":{"line":211,"column":41}},{"start":{"line":211,"column":45},"end":{"line":211,"column":60}}],"line":211},"15":{"loc":{"start":{"line":215,"column":2},"end":{"line":221,"column":3}},"type":"if","locations":[{"start":{"line":215,"column":2},"end":{"line":221,"column":3}},{"start":{"line":215,"column":2},"end":{"line":221,"column":3}}],"line":215},"16":{"loc":{"start":{"line":237,"column":4},"end":{"line":239,"column":5}},"type":"if","locations":[{"start":{"line":237,"column":4},"end":{"line":239,"column":5}},{"start":{"line":237,"column":4},"end":{"line":239,"column":5}}],"line":237},"17":{"loc":{"start":{"line":241,"column":4},"end":{"line":243,"column":5}},"type":"if","locations":[{"start":{"line":241,"column":4},"end":{"line":243,"column":5}},{"start":{"line":241,"column":4},"end":{"line":243,"column":5}}],"line":241},"18":{"loc":{"start":{"line":259,"column":2},"end":{"line":261,"column":3}},"type":"if","locations":[{"start":{"line":259,"column":2},"end":{"line":261,"column":3}},{"start":{"line":259,"column":2},"end":{"line":261,"column":3}}],"line":259},"19":{"loc":{"start":{"line":276,"column":8},"end":{"line":278,"column":9}},"type":"if","locations":[{"start":{"line":276,"column":8},"end":{"line":278,"column":9}},{"start":{"line":276,"column":8},"end":{"line":278,"column":9}}],"line":276},"20":{"loc":{"start":{"line":276,"column":12},"end":{"line":276,"column":84}},"type":"binary-expr","locations":[{"start":{"line":276,"column":12},"end":{"line":276,"column":32}},{"start":{"line":276,"column":36},"end":{"line":276,"column":55}},{"start":{"line":276,"column":59},"end":{"line":276,"column":84}}],"line":276},"21":{"loc":{"start":{"line":296,"column":2},"end":{"line":304,"column":3}},"type":"if","locations":[{"start":{"line":296,"column":2},"end":{"line":304,"column":3}},{"start":{"line":296,"column":2},"end":{"line":304,"column":3}}],"line":296},"22":{"loc":{"start":{"line":300,"column":4},"end":{"line":303,"column":5}},"type":"if","locations":[{"start":{"line":300,"column":4},"end":{"line":303,"column":5}}],"line":300},"23":{"loc":{"start":{"line":318,"column":2},"end":{"line":322,"column":3}},"type":"if","locations":[{"start":{"line":318,"column":2},"end":{"line":322,"column":3}},{"start":{"line":318,"column":2},"end":{"line":322,"column":3}}],"line":318},"24":{"loc":{"start":{"line":319,"column":17},"end":{"line":319,"column":33}},"type":"binary-expr","locations":[{"start":{"line":319,"column":17},"end":{"line":319,"column":27}},{"start":{"line":319,"column":31},"end":{"line":319,"column":33}}],"line":319},"25":{"loc":{"start":{"line":320,"column":30},"end":{"line":320,"column":59}},"type":"binary-expr","locations":[{"start":{"line":320,"column":30},"end":{"line":320,"column":53}},{"start":{"line":320,"column":57},"end":{"line":320,"column":59}}],"line":320},"26":{"loc":{"start":{"line":326,"column":2},"end":{"line":330,"column":3}},"type":"if","locations":[{"start":{"line":326,"column":2},"end":{"line":330,"column":3}},{"start":{"line":326,"column":2},"end":{"line":330,"column":3}}],"line":326},"27":{"loc":{"start":{"line":329,"column":7},"end":{"line":329,"column":23}},"type":"binary-expr","locations":[{"start":{"line":329,"column":7},"end":{"line":329,"column":17}},{"start":{"line":329,"column":21},"end":{"line":329,"column":23}}],"line":329},"28":{"loc":{"start":{"line":345,"column":4},"end":{"line":353,"column":5}},"type":"if","locations":[{"start":{"line":345,"column":4},"end":{"line":353,"column":5}},{"start":{"line":345,"column":4},"end":{"line":353,"column":5}}],"line":345},"29":{"loc":{"start":{"line":356,"column":4},"end":{"line":362,"column":5}},"type":"if","locations":[{"start":{"line":356,"column":4},"end":{"line":362,"column":5}},{"start":{"line":356,"column":4},"end":{"line":362,"column":5}}],"line":356},"30":{"loc":{"start":{"line":417,"column":4},"end":{"line":423,"column":5}},"type":"if","locations":[{"start":{"line":417,"column":4},"end":{"line":423,"column":5}},{"start":{"line":417,"column":4},"end":{"line":423,"column":5}}],"line":417},"31":{"loc":{"start":{"line":417,"column":8},"end":{"line":417,"column":45}},"type":"binary-expr","locations":[{"start":{"line":417,"column":8},"end":{"line":417,"column":21}},{"start":{"line":417,"column":26},"end":{"line":417,"column":34}},{"start":{"line":417,"column":38},"end":{"line":417,"column":44}}],"line":417},"32":{"loc":{"start":{"line":468,"column":12},"end":{"line":468,"column":63}},"type":"binary-expr","locations":[{"start":{"line":468,"column":12},"end":{"line":468,"column":23}},{"start":{"line":468,"column":27},"end":{"line":468,"column":63}}],"line":468},"33":{"loc":{"start":{"line":473,"column":2},"end":{"line":482,"column":3}},"type":"if","locations":[{"start":{"line":473,"column":2},"end":{"line":482,"column":3}}],"line":473},"34":{"loc":{"start":{"line":480,"column":6},"end":{"line":480,"column":48}},"type":"binary-expr","locations":[{"start":{"line":480,"column":6},"end":{"line":480,"column":20}},{"start":{"line":480,"column":24},"end":{"line":480,"column":48}}],"line":480},"35":{"loc":{"start":{"line":493,"column":4},"end":{"line":502,"column":5}},"type":"if","locations":[{"start":{"line":493,"column":4},"end":{"line":502,"column":5}},{"start":{"line":493,"column":4},"end":{"line":502,"column":5}}],"line":493},"36":{"loc":{"start":{"line":499,"column":6},"end":{"line":501,"column":7}},"type":"if","locations":[{"start":{"line":499,"column":6},"end":{"line":501,"column":7}},{"start":{"line":499,"column":6},"end":{"line":501,"column":7}}],"line":499},"37":{"loc":{"start":{"line":507,"column":2},"end":{"line":510,"column":3}},"type":"if","locations":[{"start":{"line":507,"column":2},"end":{"line":510,"column":3}},{"start":{"line":507,"column":2},"end":{"line":510,"column":3}}],"line":507},"38":{"loc":{"start":{"line":509,"column":28},"end":{"line":509,"column":88}},"type":"binary-expr","locations":[{"start":{"line":509,"column":28},"end":{"line":509,"column":49}},{"start":{"line":509,"column":53},"end":{"line":509,"column":88}}],"line":509},"39":{"loc":{"start":{"line":512,"column":9},"end":{"line":512,"column":63}},"type":"cond-expr","locations":[{"start":{"line":512,"column":44},"end":{"line":512,"column":56}},{"start":{"line":512,"column":59},"end":{"line":512,"column":63}}],"line":512}},"s":{"0":1,"1":1,"2":1,"3":1,"4":1,"5":1,"6":1,"7":1,"8":1,"9":1,"10":1,"11":1,"12":187,"13":187,"14":187,"15":187,"16":186,"17":4,"18":7,"19":6,"20":6,"21":185,"22":185,"23":185,"24":539,"25":185,"26":185,"27":185,"28":185,"29":1,"30":172,"31":508,"32":1,"33":303,"34":303,"35":1,"36":302,"37":1,"38":1079,"39":1,"40":9,"41":9,"42":9,"43":185,"44":539,"45":16,"46":523,"47":3,"48":9,"49":31,"50":12,"51":22,"52":31,"53":715,"54":715,"55":715,"56":715,"57":218,"58":530,"59":530,"60":715,"61":142,"62":270,"63":270,"64":61,"65":270,"66":81,"67":270,"68":203,"69":108,"70":95,"71":95,"72":95,"73":95,"74":61,"75":61,"76":61,"77":60,"78":61,"79":95,"80":95,"81":1,"82":1,"83":95,"84":715,"85":583,"86":583,"87":583,"88":715,"89":715,"90":218,"91":530,"92":497,"93":539,"94":44,"95":44,"96":3,"97":185,"98":539,"99":44,"100":539,"101":539,"102":539,"103":1079,"104":482,"105":482,"106":283,"107":283,"108":283,"109":89,"110":35,"111":35,"112":35,"113":35,"114":261,"115":261,"116":237,"117":237,"118":92,"119":92,"120":92,"121":92,"122":92,"123":261,"124":261,"125":1,"126":260,"127":260,"128":42,"129":261,"130":92,"131":35,"132":92,"133":1},"f":{"0":187,"1":7,"2":539,"3":172,"4":508,"5":303,"6":1079,"7":9,"8":185,"9":539,"10":9,"11":31,"12":22,"13":31,"14":715,"15":530,"16":142,"17":270,"18":203,"19":95,"20":61,"21":61,"22":715,"23":530,"24":539,"25":44,"26":185,"27":539,"28":44,"29":1079,"30":482,"31":283,"32":35,"33":261,"34":237,"35":92,"36":261},"b":{"0":[174,13],"1":[4,182],"2":[186,4],"3":[1,302],"4":[303,203],"5":[16,523],"6":[539,539],"7":[3,520],"8":[8,1],"9":[12,19],"10":[19,12],"11":[715,583],"12":[715,583,132],"13":[715,583,199],"14":[715,583,135],"15":[218,497],"16":[61,209],"17":[81,189],"18":[108,95],"19":[60,1],"20":[61,48,48],"21":[1,94],"22":[1],"23":[583,132],"24":[583,55],"25":[583,539],"26":[218,497],"27":[218,130],"28":[3,41],"29":[3,41],"30":[89,194],"31":[283,217,217],"32":[92,92],"33":[92],"34":[92,35],"35":[1,260],"36":[42,218],"37":[35,57],"38":[35,35],"39":[46,46]},"_coverageSchema":"43e27e138ebf9cfc5966b082cf9a028302ed4184","hash":"13720a14a505945147d12141013fbbd88fb563b5","contentHash":"5668c5c1ff564d3644e912b2214868d3"},"/Users/gcsapo/Documents/eyeglass/lib/util/resolve.js":{"path":"/Users/gcsapo/Documents/eyeglass/lib/util/resolve.js","statementMap":{"0":{"start":{"line":6,"column":13},"end":{"line":6,"column":30}},"1":{"start":{"line":18,"column":14},"end":{"line":24,"column":1}},"2":{"start":{"line":19,"column":2},"end":{"line":23,"column":5}},"3":{"start":{"line":26,"column":0},"end":{"line":26,"column":25}}},"fnMap":{"0":{"name":"(anonymous_0)","decl":{"start":{"line":18,"column":14},"end":{"line":18,"column":15}},"loc":{"start":{"line":18,"column":46},"end":{"line":24,"column":1}},"line":18}},"branchMap":{},"s":{"0":1,"1":1,"2":272,"3":1},"f":{"0":272},"b":{},"_coverageSchema":"43e27e138ebf9cfc5966b082cf9a028302ed4184","hash":"1dd1f57fad82fbab274f7aa0776ebe7d3b5db3b9","contentHash":"ff0802858039351ae12335a2852a53c7"},"/Users/gcsapo/Documents/eyeglass/lib/util/package.js":{"path":"/Users/gcsapo/Documents/eyeglass/lib/util/package.js","statementMap":{"0":{"start":{"line":3,"column":19},"end":{"line":3,"column":33}},"1":{"start":{"line":5,"column":11},"end":{"line":5,"column":26}},"2":{"start":{"line":6,"column":10},"end":{"line":6,"column":26}},"3":{"start":{"line":7,"column":16},"end":{"line":7,"column":34}},"4":{"start":{"line":10,"column":2},"end":{"line":15,"column":3}},"5":{"start":{"line":11,"column":4},"end":{"line":11,"column":28}},"6":{"start":{"line":19,"column":16},"end":{"line":19,"column":35}},"7":{"start":{"line":20,"column":2},"end":{"line":23,"column":4}},"8":{"start":{"line":27,"column":2},"end":{"line":27,"column":24}},"9":{"start":{"line":28,"column":2},"end":{"line":28,"column":84}},"10":{"start":{"line":32,"column":2},"end":{"line":32,"column":24}},"11":{"start":{"line":34,"column":2},"end":{"line":40,"column":3}},"12":{"start":{"line":35,"column":4},"end":{"line":37,"column":5}},"13":{"start":{"line":36,"column":6},"end":{"line":36,"column":17}},"14":{"start":{"line":38,"column":4},"end":{"line":38,"column":18}},"15":{"start":{"line":39,"column":4},"end":{"line":39,"column":28}},"16":{"start":{"line":46,"column":0},"end":{"line":51,"column":2}}},"fnMap":{"0":{"name":"getPackageData","decl":{"start":{"line":9,"column":9},"end":{"line":9,"column":23}},"loc":{"start":{"line":9,"column":33},"end":{"line":16,"column":1}},"line":9},"1":{"name":"getPackage","decl":{"start":{"line":18,"column":9},"end":{"line":18,"column":19}},"loc":{"start":{"line":18,"column":25},"end":{"line":24,"column":1}},"line":18},"2":{"name":"getPackagePath","decl":{"start":{"line":26,"column":9},"end":{"line":26,"column":23}},"loc":{"start":{"line":26,"column":29},"end":{"line":29,"column":1}},"line":26},"3":{"name":"findNearestPackage","decl":{"start":{"line":31,"column":9},"end":{"line":31,"column":27}},"loc":{"start":{"line":31,"column":33},"end":{"line":43,"column":1}},"line":31}},"branchMap":{"0":{"loc":{"start":{"line":28,"column":9},"end":{"line":28,"column":83}},"type":"cond-expr","locations":[{"start":{"line":28,"column":49},"end":{"line":28,"column":52}},{"start":{"line":28,"column":55},"end":{"line":28,"column":83}}],"line":28},"1":{"loc":{"start":{"line":35,"column":4},"end":{"line":37,"column":5}},"type":"if","locations":[{"start":{"line":35,"column":4},"end":{"line":37,"column":5}},{"start":{"line":35,"column":4},"end":{"line":37,"column":5}}],"line":35}},"s":{"0":1,"1":1,"2":1,"3":1,"4":533,"5":533,"6":533,"7":533,"8":1348,"9":1348,"10":312,"11":312,"12":554,"13":312,"14":242,"15":242,"16":1},"f":{"0":533,"1":533,"2":1348,"3":312},"b":{"0":[248,1100],"1":[312,242]},"_coverageSchema":"43e27e138ebf9cfc5966b082cf9a028302ed4184","hash":"4a77641f0445c0c1f4635ff29733eb666e163be7","contentHash":"7e56d816b4479769fa7ce99af482546f"},"/Users/gcsapo/Documents/eyeglass/lib/util/URI.js":{"path":"/Users/gcsapo/Documents/eyeglass/lib/util/URI.js","statementMap":{"0":{"start":{"line":3,"column":11},"end":{"line":3,"column":26}},"1":{"start":{"line":4,"column":18},"end":{"line":4,"column":38}},"2":{"start":{"line":6,"column":13},"end":{"line":6,"column":16}},"3":{"start":{"line":7,"column":18},"end":{"line":7,"column":27}},"4":{"start":{"line":8,"column":18},"end":{"line":8,"column":28}},"5":{"start":{"line":9,"column":21},"end":{"line":9,"column":48}},"6":{"start":{"line":10,"column":19},"end":{"line":10,"column":27}},"7":{"start":{"line":20,"column":2},"end":{"line":20,"column":27}},"8":{"start":{"line":21,"column":2},"end":{"line":21,"column":17}},"9":{"start":{"line":22,"column":2},"end":{"line":22,"column":19}},"10":{"start":{"line":23,"column":2},"end":{"line":23,"column":17}},"11":{"start":{"line":25,"column":21},"end":{"line":25,"column":44}},"12":{"start":{"line":26,"column":2},"end":{"line":26,"column":32}},"13":{"start":{"line":27,"column":2},"end":{"line":27,"column":33}},"14":{"start":{"line":28,"column":2},"end":{"line":28,"column":32}},"15":{"start":{"line":35,"column":0},"end":{"line":42,"column":2}},"16":{"start":{"line":37,"column":2},"end":{"line":37,"column":50}},"17":{"start":{"line":39,"column":2},"end":{"line":39,"column":38}},"18":{"start":{"line":41,"column":2},"end":{"line":41,"column":51}},"19":{"start":{"line":49,"column":0},"end":{"line":59,"column":2}},"20":{"start":{"line":50,"column":17},"end":{"line":50,"column":26}},"21":{"start":{"line":51,"column":2},"end":{"line":57,"column":3}},"22":{"start":{"line":52,"column":4},"end":{"line":52,"column":52}},"23":{"start":{"line":53,"column":4},"end":{"line":53,"column":56}},"24":{"start":{"line":54,"column":4},"end":{"line":56,"column":5}},"25":{"start":{"line":55,"column":6},"end":{"line":55,"column":53}},"26":{"start":{"line":58,"column":2},"end":{"line":58,"column":53}},"27":{"start":{"line":65,"column":0},"end":{"line":72,"column":2}},"28":{"start":{"line":66,"column":2},"end":{"line":68,"column":3}},"29":{"start":{"line":67,"column":4},"end":{"line":67,"column":11}},"30":{"start":{"line":71,"column":2},"end":{"line":71,"column":71}},"31":{"start":{"line":78,"column":0},"end":{"line":83,"column":2}},"32":{"start":{"line":80,"column":2},"end":{"line":80,"column":19}},"33":{"start":{"line":82,"column":2},"end":{"line":82,"column":24}},"34":{"start":{"line":89,"column":0},"end":{"line":91,"column":2}},"35":{"start":{"line":90,"column":2},"end":{"line":90,"column":45}},"36":{"start":{"line":97,"column":0},"end":{"line":99,"column":2}},"37":{"start":{"line":98,"column":2},"end":{"line":98,"column":45}},"38":{"start":{"line":105,"column":0},"end":{"line":114,"column":2}},"39":{"start":{"line":106,"column":18},"end":{"line":106,"column":55}},"40":{"start":{"line":108,"column":12},"end":{"line":112,"column":18}},"41":{"start":{"line":109,"column":4},"end":{"line":111,"column":5}},"42":{"start":{"line":110,"column":6},"end":{"line":110,"column":22}},"43":{"start":{"line":113,"column":2},"end":{"line":113,"column":23}},"44":{"start":{"line":121,"column":0},"end":{"line":123,"column":2}},"45":{"start":{"line":122,"column":2},"end":{"line":122,"column":31}},"46":{"start":{"line":130,"column":0},"end":{"line":133,"column":2}},"47":{"start":{"line":131,"column":2},"end":{"line":131,"column":21}},"48":{"start":{"line":132,"column":2},"end":{"line":132,"column":24}},"49":{"start":{"line":140,"column":0},"end":{"line":143,"column":2}},"50":{"start":{"line":141,"column":2},"end":{"line":141,"column":21}},"51":{"start":{"line":142,"column":2},"end":{"line":142,"column":31}},"52":{"start":{"line":150,"column":0},"end":{"line":155,"column":2}},"53":{"start":{"line":154,"column":2},"end":{"line":154,"column":55}},"54":{"start":{"line":162,"column":0},"end":{"line":164,"column":2}},"55":{"start":{"line":163,"column":2},"end":{"line":163,"column":43}},"56":{"start":{"line":171,"column":0},"end":{"line":173,"column":2}},"57":{"start":{"line":172,"column":2},"end":{"line":172,"column":43}},"58":{"start":{"line":176,"column":2},"end":{"line":176,"column":72}},"59":{"start":{"line":181,"column":2},"end":{"line":181,"column":79}},"60":{"start":{"line":184,"column":0},"end":{"line":184,"column":21}}},"fnMap":{"0":{"name":"URI","decl":{"start":{"line":19,"column":9},"end":{"line":19,"column":12}},"loc":{"start":{"line":19,"column":23},"end":{"line":29,"column":1}},"line":19},"1":{"name":"(anonymous_1)","decl":{"start":{"line":35,"column":24},"end":{"line":35,"column":25}},"loc":{"start":{"line":35,"column":43},"end":{"line":42,"column":1}},"line":35},"2":{"name":"(anonymous_2)","decl":{"start":{"line":49,"column":24},"end":{"line":49,"column":25}},"loc":{"start":{"line":49,"column":50},"end":{"line":59,"column":1}},"line":49},"3":{"name":"(anonymous_3)","decl":{"start":{"line":65,"column":25},"end":{"line":65,"column":26}},"loc":{"start":{"line":65,"column":42},"end":{"line":72,"column":1}},"line":65},"4":{"name":"(anonymous_4)","decl":{"start":{"line":78,"column":25},"end":{"line":78,"column":26}},"loc":{"start":{"line":78,"column":42},"end":{"line":83,"column":1}},"line":78},"5":{"name":"(anonymous_5)","decl":{"start":{"line":89,"column":24},"end":{"line":89,"column":25}},"loc":{"start":{"line":89,"column":39},"end":{"line":91,"column":1}},"line":89},"6":{"name":"(anonymous_6)","decl":{"start":{"line":97,"column":25},"end":{"line":97,"column":26}},"loc":{"start":{"line":97,"column":36},"end":{"line":99,"column":1}},"line":97},"7":{"name":"(anonymous_7)","decl":{"start":{"line":105,"column":11},"end":{"line":105,"column":12}},"loc":{"start":{"line":105,"column":22},"end":{"line":114,"column":1}},"line":105},"8":{"name":"(anonymous_8)","decl":{"start":{"line":108,"column":37},"end":{"line":108,"column":38}},"loc":{"start":{"line":108,"column":56},"end":{"line":112,"column":3}},"line":108},"9":{"name":"(anonymous_9)","decl":{"start":{"line":121,"column":17},"end":{"line":121,"column":18}},"loc":{"start":{"line":121,"column":31},"end":{"line":123,"column":1}},"line":121},"10":{"name":"(anonymous_10)","decl":{"start":{"line":130,"column":10},"end":{"line":130,"column":11}},"loc":{"start":{"line":130,"column":24},"end":{"line":133,"column":1}},"line":130},"11":{"name":"(anonymous_11)","decl":{"start":{"line":140,"column":13},"end":{"line":140,"column":14}},"loc":{"start":{"line":140,"column":27},"end":{"line":143,"column":1}},"line":140},"12":{"name":"(anonymous_12)","decl":{"start":{"line":150,"column":11},"end":{"line":150,"column":12}},"loc":{"start":{"line":150,"column":25},"end":{"line":155,"column":1}},"line":150},"13":{"name":"(anonymous_13)","decl":{"start":{"line":162,"column":15},"end":{"line":162,"column":16}},"loc":{"start":{"line":162,"column":29},"end":{"line":164,"column":1}},"line":162},"14":{"name":"(anonymous_14)","decl":{"start":{"line":171,"column":14},"end":{"line":171,"column":15}},"loc":{"start":{"line":171,"column":28},"end":{"line":173,"column":1}},"line":171},"15":{"name":"convertSeparator","decl":{"start":{"line":175,"column":9},"end":{"line":175,"column":25}},"loc":{"start":{"line":175,"column":36},"end":{"line":177,"column":1}},"line":175},"16":{"name":"shouldNormalizePathSep","decl":{"start":{"line":179,"column":9},"end":{"line":179,"column":31}},"loc":{"start":{"line":179,"column":34},"end":{"line":182,"column":1}},"line":179}},"branchMap":{"0":{"loc":{"start":{"line":20,"column":13},"end":{"line":20,"column":26}},"type":"binary-expr","locations":[{"start":{"line":20,"column":13},"end":{"line":20,"column":16}},{"start":{"line":20,"column":20},"end":{"line":20,"column":26}}],"line":20},"1":{"loc":{"start":{"line":51,"column":2},"end":{"line":57,"column":3}},"type":"if","locations":[{"start":{"line":51,"column":2},"end":{"line":57,"column":3}},{"start":{"line":51,"column":2},"end":{"line":57,"column":3}}],"line":51},"2":{"loc":{"start":{"line":54,"column":4},"end":{"line":56,"column":5}},"type":"if","locations":[{"start":{"line":54,"column":4},"end":{"line":56,"column":5}},{"start":{"line":54,"column":4},"end":{"line":56,"column":5}}],"line":54},"3":{"loc":{"start":{"line":58,"column":36},"end":{"line":58,"column":51}},"type":"binary-expr","locations":[{"start":{"line":58,"column":36},"end":{"line":58,"column":39}},{"start":{"line":58,"column":43},"end":{"line":58,"column":51}}],"line":58},"4":{"loc":{"start":{"line":66,"column":2},"end":{"line":68,"column":3}},"type":"if","locations":[{"start":{"line":66,"column":2},"end":{"line":68,"column":3}},{"start":{"line":66,"column":2},"end":{"line":68,"column":3}}],"line":66},"5":{"loc":{"start":{"line":71,"column":46},"end":{"line":71,"column":69}},"type":"cond-expr","locations":[{"start":{"line":71,"column":60},"end":{"line":71,"column":63}},{"start":{"line":71,"column":66},"end":{"line":71,"column":69}}],"line":71},"6":{"loc":{"start":{"line":90,"column":14},"end":{"line":90,"column":44}},"type":"cond-expr","locations":[{"start":{"line":90,"column":35},"end":{"line":90,"column":37}},{"start":{"line":90,"column":40},"end":{"line":90,"column":44}}],"line":90},"7":{"loc":{"start":{"line":109,"column":4},"end":{"line":111,"column":5}},"type":"if","locations":[{"start":{"line":109,"column":4},"end":{"line":111,"column":5}},{"start":{"line":109,"column":4},"end":{"line":111,"column":5}}],"line":109},"8":{"loc":{"start":{"line":176,"column":9},"end":{"line":176,"column":71}},"type":"cond-expr","locations":[{"start":{"line":176,"column":36},"end":{"line":176,"column":65}},{"start":{"line":176,"column":68},"end":{"line":176,"column":71}}],"line":176},"9":{"loc":{"start":{"line":181,"column":9},"end":{"line":181,"column":78}},"type":"binary-expr","locations":[{"start":{"line":181,"column":9},"end":{"line":181,"column":26}},{"start":{"line":181,"column":30},"end":{"line":181,"column":78}}],"line":181}},"s":{"0":1,"1":1,"2":1,"3":1,"4":1,"5":1,"6":1,"7":4060,"8":4060,"9":4060,"10":4060,"11":4060,"12":4060,"13":4060,"14":4060,"15":1,"16":4182,"17":4182,"18":4182,"19":1,"20":3184,"21":3184,"22":20,"23":20,"24":20,"25":16,"26":3184,"27":1,"28":4078,"29":4056,"30":22,"31":1,"32":4060,"33":4060,"34":1,"35":4060,"36":1,"37":998,"38":1,"39":360,"40":360,"41":984,"42":648,"43":360,"44":1,"45":111,"46":1,"47":878,"48":878,"49":1,"50":2674,"51":2674,"52":1,"53":414,"54":1,"55":266,"56":1,"57":246,"58":11588,"59":11588,"60":1},"f":{"0":4060,"1":4182,"2":3184,"3":4078,"4":4060,"5":4060,"6":998,"7":360,"8":984,"9":111,"10":878,"11":2674,"12":414,"13":266,"14":246,"15":11588,"16":11588},"b":{"0":[4060,4060],"1":[20,3164],"2":[16,4],"3":[3184,490],"4":[4056,22],"5":[2,20],"6":[4056,4],"7":[648,336],"8":[11404,184],"9":[11588,11588]},"_coverageSchema":"43e27e138ebf9cfc5966b082cf9a028302ed4184","hash":"a6135e09fca6e4cd9ce2c634122bcf09ef67c3be","contentHash":"21294ca7188c61c7852401167f079503"},"/Users/gcsapo/Documents/eyeglass/lib/util/strings.js":{"path":"/Users/gcsapo/Documents/eyeglass/lib/util/strings.js","statementMap":{"0":{"start":{"line":3,"column":15},"end":{"line":3,"column":30}},"1":{"start":{"line":4,"column":20},"end":{"line":4,"column":34}},"2":{"start":{"line":7,"column":2},"end":{"line":7,"column":55}},"3":{"start":{"line":11,"column":2},"end":{"line":13,"column":3}},"4":{"start":{"line":12,"column":4},"end":{"line":12,"column":58}},"5":{"start":{"line":14,"column":2},"end":{"line":14,"column":40}},"6":{"start":{"line":18,"column":2},"end":{"line":20,"column":3}},"7":{"start":{"line":19,"column":4},"end":{"line":19,"column":56}},"8":{"start":{"line":21,"column":2},"end":{"line":21,"column":75}},"9":{"start":{"line":25,"column":2},"end":{"line":27,"column":5}},"10":{"start":{"line":26,"column":4},"end":{"line":26,"column":56}},"11":{"start":{"line":30,"column":0},"end":{"line":34,"column":2}}},"fnMap":{"0":{"name":"isSassValue","decl":{"start":{"line":6,"column":9},"end":{"line":6,"column":20}},"loc":{"start":{"line":6,"column":27},"end":{"line":8,"column":1}},"line":6},"1":{"name":"unquote","decl":{"start":{"line":10,"column":9},"end":{"line":10,"column":16}},"loc":{"start":{"line":10,"column":25},"end":{"line":15,"column":1}},"line":10},"2":{"name":"quote","decl":{"start":{"line":17,"column":9},"end":{"line":17,"column":14}},"loc":{"start":{"line":17,"column":23},"end":{"line":22,"column":1}},"line":17},"3":{"name":"template","decl":{"start":{"line":24,"column":9},"end":{"line":24,"column":17}},"loc":{"start":{"line":24,"column":30},"end":{"line":28,"column":1}},"line":24},"4":{"name":"(anonymous_4)","decl":{"start":{"line":25,"column":37},"end":{"line":25,"column":38}},"loc":{"start":{"line":25,"column":58},"end":{"line":27,"column":3}},"line":25}},"branchMap":{"0":{"loc":{"start":{"line":7,"column":12},"end":{"line":7,"column":53}},"type":"binary-expr","locations":[{"start":{"line":7,"column":12},"end":{"line":7,"column":16}},{"start":{"line":7,"column":20},"end":{"line":7,"column":33}},{"start":{"line":7,"column":37},"end":{"line":7,"column":53}}],"line":7},"1":{"loc":{"start":{"line":11,"column":2},"end":{"line":13,"column":3}},"type":"if","locations":[{"start":{"line":11,"column":2},"end":{"line":13,"column":3}},{"start":{"line":11,"column":2},"end":{"line":13,"column":3}}],"line":11},"2":{"loc":{"start":{"line":18,"column":2},"end":{"line":20,"column":3}},"type":"if","locations":[{"start":{"line":18,"column":2},"end":{"line":20,"column":3}},{"start":{"line":18,"column":2},"end":{"line":20,"column":3}}],"line":18},"3":{"loc":{"start":{"line":21,"column":9},"end":{"line":21,"column":74}},"type":"cond-expr","locations":[{"start":{"line":21,"column":38},"end":{"line":21,"column":65}},{"start":{"line":21,"column":68},"end":{"line":21,"column":74}}],"line":21},"4":{"loc":{"start":{"line":26,"column":11},"end":{"line":26,"column":55}},"type":"cond-expr","locations":[{"start":{"line":26,"column":38},"end":{"line":26,"column":47}},{"start":{"line":26,"column":50},"end":{"line":26,"column":55}}],"line":26}},"s":{"0":1,"1":1,"2":980,"3":460,"4":5,"5":455,"6":520,"7":1,"8":519,"9":139,"10":554,"11":1},"f":{"0":980,"1":460,"2":520,"3":139,"4":554},"b":{"0":[980,900,6],"1":[5,455],"2":[1,519],"3":[439,80],"4":[552,2]},"_coverageSchema":"43e27e138ebf9cfc5966b082cf9a028302ed4184","hash":"da6fb80918ec942838dfd428e82edbd4785cb7a0","contentHash":"2b1d1998e2cf244040cd0578254506f3"},"/Users/gcsapo/Documents/eyeglass/lib/util/files.js":{"path":"/Users/gcsapo/Documents/eyeglass/lib/util/files.js","statementMap":{"0":{"start":{"line":3,"column":9},"end":{"line":3,"column":22}},"1":{"start":{"line":8,"column":2},"end":{"line":8,"column":29}},"2":{"start":{"line":12,"column":2},"end":{"line":24,"column":5}},"3":{"start":{"line":16,"column":4},"end":{"line":22,"column":5}},"4":{"start":{"line":19,"column":6},"end":{"line":19,"column":44}},"5":{"start":{"line":21,"column":6},"end":{"line":21,"column":14}},"6":{"start":{"line":23,"column":4},"end":{"line":23,"column":24}},"7":{"start":{"line":27,"column":0},"end":{"line":30,"column":2}}},"fnMap":{"0":{"name":"existsSync","decl":{"start":{"line":5,"column":9},"end":{"line":5,"column":19}},"loc":{"start":{"line":5,"column":26},"end":{"line":9,"column":1}},"line":5},"1":{"name":"readFile","decl":{"start":{"line":11,"column":9},"end":{"line":11,"column":17}},"loc":{"start":{"line":11,"column":43},"end":{"line":25,"column":1}},"line":11},"2":{"name":"(anonymous_2)","decl":{"start":{"line":12,"column":15},"end":{"line":12,"column":16}},"loc":{"start":{"line":12,"column":26},"end":{"line":24,"column":3}},"line":12}},"branchMap":{},"s":{"0":1,"1":1182,"2":2118,"3":2118,"4":2118,"5":1956,"6":2118,"7":1},"f":{"0":1182,"1":2118,"2":2118},"b":{},"_coverageSchema":"43e27e138ebf9cfc5966b082cf9a028302ed4184","hash":"e2be3b907debe67e49a6ca52beeccf23ca1cfa00","contentHash":"3cbadabbd49e82782454876a9c8d59bf"},"/Users/gcsapo/Documents/eyeglass/lib/modules/EyeglassModule.js":{"path":"/Users/gcsapo/Documents/eyeglass/lib/modules/EyeglassModule.js","statementMap":{"0":{"start":{"line":3,"column":19},"end":{"line":3,"column":45}},"1":{"start":{"line":4,"column":12},"end":{"line":4,"column":35}},"2":{"start":{"line":5,"column":15},"end":{"line":5,"column":41}},"3":{"start":{"line":6,"column":11},"end":{"line":6,"column":26}},"4":{"start":{"line":7,"column":9},"end":{"line":7,"column":22}},"5":{"start":{"line":8,"column":19},"end":{"line":8,"column":38}},"6":{"start":{"line":10,"column":23},"end":{"line":10,"column":40}},"7":{"start":{"line":14,"column":2},"end":{"line":17,"column":10}},"8":{"start":{"line":20,"column":2},"end":{"line":61,"column":3}},"9":{"start":{"line":21,"column":14},"end":{"line":21,"column":47}},"10":{"start":{"line":24,"column":4},"end":{"line":26,"column":5}},"11":{"start":{"line":25,"column":6},"end":{"line":25,"column":76}},"12":{"start":{"line":28,"column":21},"end":{"line":28,"column":60}},"13":{"start":{"line":29,"column":4},"end":{"line":29,"column":26}},"14":{"start":{"line":31,"column":4},"end":{"line":48,"column":6}},"15":{"start":{"line":50,"column":4},"end":{"line":60,"column":5}},"16":{"start":{"line":51,"column":23},"end":{"line":51,"column":61}},"17":{"start":{"line":52,"column":6},"end":{"line":55,"column":9}},"18":{"start":{"line":57,"column":6},"end":{"line":59,"column":7}},"19":{"start":{"line":58,"column":8},"end":{"line":58,"column":100}},"20":{"start":{"line":64,"column":2},"end":{"line":64,"column":52}},"21":{"start":{"line":67,"column":2},"end":{"line":67,"column":40}},"22":{"start":{"line":70,"column":2},"end":{"line":70,"column":19}},"23":{"start":{"line":79,"column":0},"end":{"line":81,"column":2}},"24":{"start":{"line":80,"column":2},"end":{"line":80,"column":54}},"25":{"start":{"line":89,"column":0},"end":{"line":91,"column":2}},"26":{"start":{"line":90,"column":2},"end":{"line":90,"column":61}},"27":{"start":{"line":101,"column":2},"end":{"line":101,"column":75}},"28":{"start":{"line":114,"column":2},"end":{"line":118,"column":3}},"29":{"start":{"line":115,"column":4},"end":{"line":117,"column":6}},"30":{"start":{"line":119,"column":2},"end":{"line":123,"column":3}},"31":{"start":{"line":120,"column":4},"end":{"line":120,"column":24}},"32":{"start":{"line":122,"column":4},"end":{"line":122,"column":29}},"33":{"start":{"line":125,"column":2},"end":{"line":127,"column":3}},"34":{"start":{"line":126,"column":4},"end":{"line":126,"column":75}},"35":{"start":{"line":129,"column":2},"end":{"line":129,"column":24}},"36":{"start":{"line":139,"column":2},"end":{"line":139,"column":51}},"37":{"start":{"line":150,"column":20},"end":{"line":150,"column":59}},"38":{"start":{"line":152,"column":2},"end":{"line":156,"column":3}},"39":{"start":{"line":153,"column":4},"end":{"line":153,"column":16}},"40":{"start":{"line":155,"column":4},"end":{"line":155,"column":42}},"41":{"start":{"line":158,"column":2},"end":{"line":162,"column":3}},"42":{"start":{"line":159,"column":4},"end":{"line":159,"column":46}},"43":{"start":{"line":161,"column":4},"end":{"line":161,"column":16}},"44":{"start":{"line":165,"column":0},"end":{"line":165,"column":32}}},"fnMap":{"0":{"name":"EyeglassModule","decl":{"start":{"line":12,"column":9},"end":{"line":12,"column":23}},"loc":{"start":{"line":12,"column":54},"end":{"line":71,"column":1}},"line":12},"1":{"name":"(anonymous_1)","decl":{"start":{"line":79,"column":32},"end":{"line":79,"column":33}},"loc":{"start":{"line":79,"column":57},"end":{"line":81,"column":1}},"line":79},"2":{"name":"(anonymous_2)","decl":{"start":{"line":89,"column":34},"end":{"line":89,"column":35}},"loc":{"start":{"line":89,"column":48},"end":{"line":91,"column":1}},"line":89},"3":{"name":"getModuleName","decl":{"start":{"line":99,"column":9},"end":{"line":99,"column":22}},"loc":{"start":{"line":99,"column":28},"end":{"line":102,"column":1}},"line":99},"4":{"name":"normalizeEyeglassOptions","decl":{"start":{"line":111,"column":9},"end":{"line":111,"column":33}},"loc":{"start":{"line":111,"column":52},"end":{"line":130,"column":1}},"line":111},"5":{"name":"getExportsFileFromOptions","decl":{"start":{"line":138,"column":9},"end":{"line":138,"column":34}},"loc":{"start":{"line":138,"column":44},"end":{"line":140,"column":1}},"line":138},"6":{"name":"getModuleExports","decl":{"start":{"line":149,"column":9},"end":{"line":149,"column":25}},"loc":{"start":{"line":149,"column":43},"end":{"line":163,"column":1}},"line":149}},"branchMap":{"0":{"loc":{"start":{"line":20,"column":2},"end":{"line":61,"column":3}},"type":"if","locations":[{"start":{"line":20,"column":2},"end":{"line":61,"column":3}},{"start":{"line":20,"column":2},"end":{"line":61,"column":3}}],"line":20},"1":{"loc":{"start":{"line":24,"column":4},"end":{"line":26,"column":5}},"type":"if","locations":[{"start":{"line":24,"column":4},"end":{"line":26,"column":5}},{"start":{"line":24,"column":4},"end":{"line":26,"column":5}}],"line":24},"2":{"loc":{"start":{"line":42,"column":22},"end":{"line":45,"column":30}},"type":"binary-expr","locations":[{"start":{"line":42,"column":22},"end":{"line":42,"column":37}},{"start":{"line":42,"column":41},"end":{"line":45,"column":10}},{"start":{"line":45,"column":14},"end":{"line":45,"column":30}}],"line":42},"3":{"loc":{"start":{"line":50,"column":4},"end":{"line":60,"column":5}},"type":"if","locations":[{"start":{"line":50,"column":4},"end":{"line":60,"column":5}},{"start":{"line":50,"column":4},"end":{"line":60,"column":5}}],"line":50},"4":{"loc":{"start":{"line":53,"column":14},"end":{"line":53,"column":47}},"type":"binary-expr","locations":[{"start":{"line":53,"column":14},"end":{"line":53,"column":24}},{"start":{"line":53,"column":28},"end":{"line":53,"column":47}}],"line":53},"5":{"loc":{"start":{"line":57,"column":6},"end":{"line":59,"column":7}},"type":"if","locations":[{"start":{"line":57,"column":6},"end":{"line":59,"column":7}},{"start":{"line":57,"column":6},"end":{"line":59,"column":7}}],"line":57},"6":{"loc":{"start":{"line":64,"column":16},"end":{"line":64,"column":51}},"type":"binary-expr","locations":[{"start":{"line":64,"column":16},"end":{"line":64,"column":36}},{"start":{"line":64,"column":40},"end":{"line":64,"column":51}}],"line":64},"7":{"loc":{"start":{"line":67,"column":16},"end":{"line":67,"column":39}},"type":"binary-expr","locations":[{"start":{"line":67,"column":16},"end":{"line":67,"column":27}},{"start":{"line":67,"column":31},"end":{"line":67,"column":39}}],"line":67},"8":{"loc":{"start":{"line":80,"column":14},"end":{"line":80,"column":52}},"type":"binary-expr","locations":[{"start":{"line":80,"column":14},"end":{"line":80,"column":23}},{"start":{"line":80,"column":27},"end":{"line":80,"column":52}}],"line":80},"9":{"loc":{"start":{"line":90,"column":12},"end":{"line":90,"column":59}},"type":"binary-expr","locations":[{"start":{"line":90,"column":12},"end":{"line":90,"column":15}},{"start":{"line":90,"column":19},"end":{"line":90,"column":59}}],"line":90},"10":{"loc":{"start":{"line":101,"column":9},"end":{"line":101,"column":74}},"type":"binary-expr","locations":[{"start":{"line":101,"column":9},"end":{"line":101,"column":57}},{"start":{"line":101,"column":61},"end":{"line":101,"column":74}}],"line":101},"11":{"loc":{"start":{"line":114,"column":2},"end":{"line":118,"column":3}},"type":"if","locations":[{"start":{"line":114,"column":2},"end":{"line":118,"column":3}},{"start":{"line":114,"column":2},"end":{"line":118,"column":3}}],"line":114},"12":{"loc":{"start":{"line":119,"column":2},"end":{"line":123,"column":3}},"type":"if","locations":[{"start":{"line":119,"column":2},"end":{"line":123,"column":3}},{"start":{"line":119,"column":2},"end":{"line":123,"column":3}}],"line":119},"13":{"loc":{"start":{"line":125,"column":2},"end":{"line":127,"column":3}},"type":"if","locations":[{"start":{"line":125,"column":2},"end":{"line":127,"column":3}},{"start":{"line":125,"column":2},"end":{"line":127,"column":3}}],"line":125},"14":{"loc":{"start":{"line":125,"column":6},"end":{"line":125,"column":39}},"type":"binary-expr","locations":[{"start":{"line":125,"column":6},"end":{"line":125,"column":13}},{"start":{"line":125,"column":17},"end":{"line":125,"column":39}}],"line":125},"15":{"loc":{"start":{"line":152,"column":2},"end":{"line":156,"column":3}},"type":"if","locations":[{"start":{"line":152,"column":2},"end":{"line":156,"column":3}},{"start":{"line":152,"column":2},"end":{"line":156,"column":3}}],"line":152},"16":{"loc":{"start":{"line":155,"column":18},"end":{"line":155,"column":41}},"type":"binary-expr","locations":[{"start":{"line":155,"column":18},"end":{"line":155,"column":29}},{"start":{"line":155,"column":33},"end":{"line":155,"column":41}}],"line":155},"17":{"loc":{"start":{"line":158,"column":2},"end":{"line":162,"column":3}},"type":"if","locations":[{"start":{"line":158,"column":2},"end":{"line":162,"column":3}},{"start":{"line":158,"column":2},"end":{"line":162,"column":3}}],"line":158}},"s":{"0":1,"1":1,"2":1,"3":1,"4":1,"5":1,"6":1,"7":126,"8":126,"9":123,"10":123,"11":1,"12":122,"13":122,"14":122,"15":122,"16":71,"17":71,"18":71,"19":1,"20":124,"21":124,"22":124,"23":1,"24":509,"25":1,"26":405,"27":122,"28":315,"29":3,"30":315,"31":159,"32":156,"33":315,"34":15,"35":315,"36":71,"37":71,"38":71,"39":5,"40":66,"41":66,"42":42,"43":24,"44":1},"f":{"0":126,"1":509,"2":405,"3":122,"4":315,"5":71,"6":71},"b":{"0":[123,3],"1":[1,122],"2":[122,92,76],"3":[71,51],"4":[71,42],"5":[1,70],"6":[124,110],"7":[124,4],"8":[509,409],"9":[405,405],"10":[122,107],"11":[3,312],"12":[159,156],"13":[15,300],"14":[315,122],"15":[5,66],"16":[66,49],"17":[42,24]},"_coverageSchema":"43e27e138ebf9cfc5966b082cf9a028302ed4184","hash":"8c2d7ab101ef49a2cee882382a7952ea06f36271","contentHash":"fee281bf0a13069b4095ebf6dd5e8bb5"},"/Users/gcsapo/Documents/eyeglass/lib/util/SimpleCache.js":{"path":"/Users/gcsapo/Documents/eyeglass/lib/util/SimpleCache.js","statementMap":{"0":{"start":{"line":7,"column":2},"end":{"line":7,"column":18}},"1":{"start":{"line":16,"column":0},"end":{"line":18,"column":2}},"2":{"start":{"line":17,"column":2},"end":{"line":17,"column":25}},"3":{"start":{"line":26,"column":0},"end":{"line":28,"column":2}},"4":{"start":{"line":27,"column":2},"end":{"line":27,"column":26}},"5":{"start":{"line":36,"column":0},"end":{"line":38,"column":2}},"6":{"start":{"line":37,"column":2},"end":{"line":37,"column":40}},"7":{"start":{"line":47,"column":0},"end":{"line":55,"column":2}},"8":{"start":{"line":49,"column":2},"end":{"line":51,"column":3}},"9":{"start":{"line":50,"column":4},"end":{"line":50,"column":30}},"10":{"start":{"line":54,"column":2},"end":{"line":54,"column":23}},"11":{"start":{"line":60,"column":0},"end":{"line":62,"column":2}},"12":{"start":{"line":61,"column":2},"end":{"line":61,"column":18}},"13":{"start":{"line":64,"column":0},"end":{"line":64,"column":29}}},"fnMap":{"0":{"name":"SimpleCache","decl":{"start":{"line":6,"column":9},"end":{"line":6,"column":20}},"loc":{"start":{"line":6,"column":23},"end":{"line":8,"column":1}},"line":6},"1":{"name":"(anonymous_1)","decl":{"start":{"line":16,"column":28},"end":{"line":16,"column":29}},"loc":{"start":{"line":16,"column":42},"end":{"line":18,"column":1}},"line":16},"2":{"name":"(anonymous_2)","decl":{"start":{"line":26,"column":28},"end":{"line":26,"column":29}},"loc":{"start":{"line":26,"column":49},"end":{"line":28,"column":1}},"line":26},"3":{"name":"(anonymous_3)","decl":{"start":{"line":36,"column":28},"end":{"line":36,"column":29}},"loc":{"start":{"line":36,"column":42},"end":{"line":38,"column":1}},"line":36},"4":{"name":"(anonymous_4)","decl":{"start":{"line":47,"column":34},"end":{"line":47,"column":35}},"loc":{"start":{"line":47,"column":58},"end":{"line":55,"column":1}},"line":47},"5":{"name":"(anonymous_5)","decl":{"start":{"line":60,"column":30},"end":{"line":60,"column":31}},"loc":{"start":{"line":60,"column":41},"end":{"line":62,"column":1}},"line":60}},"branchMap":{"0":{"loc":{"start":{"line":49,"column":2},"end":{"line":51,"column":3}},"type":"if","locations":[{"start":{"line":49,"column":2},"end":{"line":51,"column":3}},{"start":{"line":49,"column":2},"end":{"line":51,"column":3}}],"line":49}},"s":{"0":206,"1":1,"2":844,"3":1,"4":585,"5":1,"6":844,"7":1,"8":840,"9":582,"10":839,"11":1,"12":1,"13":1},"f":{"0":206,"1":844,"2":585,"3":844,"4":840,"5":1},"b":{"0":[582,258]},"_coverageSchema":"43e27e138ebf9cfc5966b082cf9a028302ed4184","hash":"72fd35bfa2043f2a0ce82f9ef3357785a85651ac","contentHash":"2cbcf1f6db7310c5d5691ed247545d01"},"/Users/gcsapo/Documents/eyeglass/lib/util/debug.js":{"path":"/Users/gcsapo/Documents/eyeglass/lib/util/debug.js","statementMap":{"0":{"start":{"line":3,"column":12},"end":{"line":3,"column":28}},"1":{"start":{"line":4,"column":13},"end":{"line":4,"column":24}},"2":{"start":{"line":6,"column":0},"end":{"line":13,"column":7}},"3":{"start":{"line":7,"column":18},"end":{"line":7,"column":31}},"4":{"start":{"line":9,"column":2},"end":{"line":11,"column":3}},"5":{"start":{"line":12,"column":2},"end":{"line":12,"column":13}}},"fnMap":{"0":{"name":"(anonymous_0)","decl":{"start":{"line":6,"column":69},"end":{"line":6,"column":70}},"loc":{"start":{"line":6,"column":89},"end":{"line":13,"column":1}},"line":6}},"branchMap":{"0":{"loc":{"start":{"line":9,"column":2},"end":{"line":11,"column":3}},"type":"if","locations":[{"start":{"line":9,"column":2},"end":{"line":11,"column":3}}],"line":9}},"s":{"0":1,"1":1,"2":1,"3":4,"4":4,"5":4},"f":{"0":4},"b":{"0":[4]},"_coverageSchema":"43e27e138ebf9cfc5966b082cf9a028302ed4184","hash":"6d1dec1e335c70ad924321289f980279357e1aba","contentHash":"5233e921700501b95f80bcbdeabe7860"},"/Users/gcsapo/Documents/eyeglass/lib/modules/ModuleFunctions.js":{"path":"/Users/gcsapo/Documents/eyeglass/lib/modules/ModuleFunctions.js","statementMap":{"0":{"start":{"line":3,"column":13},"end":{"line":3,"column":36}},"1":{"start":{"line":4,"column":12},"end":{"line":4,"column":36}},"2":{"start":{"line":5,"column":12},"end":{"line":5,"column":35}},"3":{"start":{"line":6,"column":22},"end":{"line":6,"column":34}},"4":{"start":{"line":7,"column":12},"end":{"line":7,"column":25}},"5":{"start":{"line":10,"column":2},"end":{"line":10,"column":50}},"6":{"start":{"line":15,"column":2},"end":{"line":17,"column":3}},"7":{"start":{"line":16,"column":4},"end":{"line":16,"column":11}},"8":{"start":{"line":19,"column":18},"end":{"line":19,"column":20}},"9":{"start":{"line":21,"column":2},"end":{"line":24,"column":5}},"10":{"start":{"line":22,"column":17},"end":{"line":22,"column":36}},"11":{"start":{"line":23,"column":4},"end":{"line":23,"column":27}},"12":{"start":{"line":27,"column":2},"end":{"line":39,"column":5}},"13":{"start":{"line":28,"column":17},"end":{"line":28,"column":36}},"14":{"start":{"line":29,"column":26},"end":{"line":29,"column":43}},"15":{"start":{"line":31,"column":4},"end":{"line":38,"column":5}},"16":{"start":{"line":35,"column":6},"end":{"line":37,"column":40}},"17":{"start":{"line":43,"column":18},"end":{"line":58,"column":8}},"18":{"start":{"line":44,"column":4},"end":{"line":46,"column":5}},"19":{"start":{"line":45,"column":6},"end":{"line":45,"column":17}},"20":{"start":{"line":56,"column":4},"end":{"line":56,"column":39}},"21":{"start":{"line":57,"column":4},"end":{"line":57,"column":37}},"22":{"start":{"line":60,"column":2},"end":{"line":60,"column":47}},"23":{"start":{"line":61,"column":2},"end":{"line":61,"column":50}},"24":{"start":{"line":63,"column":2},"end":{"line":63,"column":36}},"25":{"start":{"line":72,"column":2},"end":{"line":72,"column":19}},"26":{"start":{"line":75,"column":0},"end":{"line":75,"column":33}}},"fnMap":{"0":{"name":"getFunctionName","decl":{"start":{"line":9,"column":9},"end":{"line":9,"column":24}},"loc":{"start":{"line":9,"column":38},"end":{"line":11,"column":1}},"line":9},"1":{"name":"checkConflicts","decl":{"start":{"line":13,"column":9},"end":{"line":13,"column":23}},"loc":{"start":{"line":13,"column":36},"end":{"line":40,"column":1}},"line":13},"2":{"name":"(anonymous_2)","decl":{"start":{"line":21,"column":28},"end":{"line":21,"column":29}},"loc":{"start":{"line":21,"column":41},"end":{"line":24,"column":3}},"line":21},"3":{"name":"(anonymous_3)","decl":{"start":{"line":27,"column":28},"end":{"line":27,"column":29}},"loc":{"start":{"line":27,"column":41},"end":{"line":39,"column":3}},"line":27},"4":{"name":"ModuleFunctions","decl":{"start":{"line":42,"column":9},"end":{"line":42,"column":24}},"loc":{"start":{"line":42,"column":69},"end":{"line":73,"column":1}},"line":42},"5":{"name":"(anonymous_5)","decl":{"start":{"line":43,"column":47},"end":{"line":43,"column":48}},"loc":{"start":{"line":43,"column":66},"end":{"line":58,"column":3}},"line":43}},"branchMap":{"0":{"loc":{"start":{"line":15,"column":2},"end":{"line":17,"column":3}},"type":"if","locations":[{"start":{"line":15,"column":2},"end":{"line":17,"column":3}},{"start":{"line":15,"column":2},"end":{"line":17,"column":3}}],"line":15},"1":{"loc":{"start":{"line":15,"column":6},"end":{"line":15,"column":20}},"type":"binary-expr","locations":[{"start":{"line":15,"column":6},"end":{"line":15,"column":11}},{"start":{"line":15,"column":15},"end":{"line":15,"column":20}}],"line":15},"2":{"loc":{"start":{"line":31,"column":4},"end":{"line":38,"column":5}},"type":"if","locations":[{"start":{"line":31,"column":4},"end":{"line":38,"column":5}},{"start":{"line":31,"column":4},"end":{"line":38,"column":5}}],"line":31},"3":{"loc":{"start":{"line":31,"column":8},"end":{"line":31,"column":49}},"type":"binary-expr","locations":[{"start":{"line":31,"column":8},"end":{"line":31,"column":23}},{"start":{"line":31,"column":27},"end":{"line":31,"column":49}}],"line":31},"4":{"loc":{"start":{"line":44,"column":4},"end":{"line":46,"column":5}},"type":"if","locations":[{"start":{"line":44,"column":4},"end":{"line":46,"column":5}},{"start":{"line":44,"column":4},"end":{"line":46,"column":5}}],"line":44}},"s":{"0":1,"1":1,"2":1,"3":1,"4":1,"5":2644,"6":370,"7":165,"8":205,"9":205,"10":211,"11":211,"12":205,"13":2433,"14":2433,"15":2433,"16":1,"17":172,"18":508,"19":310,"20":198,"21":198,"22":172,"23":172,"24":172,"25":172,"26":1},"f":{"0":2644,"1":370,"2":211,"3":2433,"4":172,"5":508},"b":{"0":[165,205],"1":[370,370],"2":[1,2432],"3":[2433,16],"4":[310,198]},"_coverageSchema":"43e27e138ebf9cfc5966b082cf9a028302ed4184","hash":"1d6999e11495a4981c7a2f327902ca10c683b72d","contentHash":"62a83154f3db91496c817b3e69991ea3"},"/Users/gcsapo/Documents/eyeglass/lib/util/sync.js":{"path":"/Users/gcsapo/Documents/eyeglass/lib/util/sync.js","statementMap":{"0":{"start":{"line":20,"column":14},"end":{"line":20,"column":32}},"1":{"start":{"line":22,"column":2},"end":{"line":55,"column":4}},"2":{"start":{"line":24,"column":15},"end":{"line":24,"column":42}},"3":{"start":{"line":25,"column":15},"end":{"line":25,"column":36}},"4":{"start":{"line":28,"column":4},"end":{"line":30,"column":5}},"5":{"start":{"line":29,"column":6},"end":{"line":29,"column":34}},"6":{"start":{"line":37,"column":6},"end":{"line":39,"column":12}},"7":{"start":{"line":38,"column":8},"end":{"line":38,"column":21}},"8":{"start":{"line":42,"column":4},"end":{"line":42,"column":15}},"9":{"start":{"line":43,"column":4},"end":{"line":43,"column":18}},"10":{"start":{"line":44,"column":4},"end":{"line":44,"column":34}},"11":{"start":{"line":46,"column":4},"end":{"line":48,"column":5}},"12":{"start":{"line":47,"column":6},"end":{"line":47,"column":20}},"13":{"start":{"line":50,"column":4},"end":{"line":52,"column":5}},"14":{"start":{"line":51,"column":6},"end":{"line":51,"column":28}},"15":{"start":{"line":54,"column":4},"end":{"line":54,"column":18}},"16":{"start":{"line":58,"column":0},"end":{"line":63,"column":2}},"17":{"start":{"line":59,"column":2},"end":{"line":61,"column":3}},"18":{"start":{"line":60,"column":4},"end":{"line":60,"column":32}},"19":{"start":{"line":62,"column":2},"end":{"line":62,"column":13}},"20":{"start":{"line":65,"column":0},"end":{"line":65,"column":22}}},"fnMap":{"0":{"name":"sync","decl":{"start":{"line":21,"column":9},"end":{"line":21,"column":13}},"loc":{"start":{"line":21,"column":18},"end":{"line":56,"column":1}},"line":21},"1":{"name":"(anonymous_1)","decl":{"start":{"line":22,"column":9},"end":{"line":22,"column":10}},"loc":{"start":{"line":22,"column":20},"end":{"line":55,"column":3}},"line":22},"2":{"name":"cb","decl":{"start":{"line":36,"column":13},"end":{"line":36,"column":15}},"loc":{"start":{"line":36,"column":21},"end":{"line":40,"column":5}},"line":36},"3":{"name":"(anonymous_3)","decl":{"start":{"line":37,"column":17},"end":{"line":37,"column":18}},"loc":{"start":{"line":37,"column":28},"end":{"line":39,"column":7}},"line":37},"4":{"name":"(anonymous_4)","decl":{"start":{"line":58,"column":11},"end":{"line":58,"column":12}},"loc":{"start":{"line":58,"column":25},"end":{"line":63,"column":1}},"line":58}},"branchMap":{"0":{"loc":{"start":{"line":28,"column":4},"end":{"line":30,"column":5}},"type":"if","locations":[{"start":{"line":28,"column":4},"end":{"line":30,"column":5}},{"start":{"line":28,"column":4},"end":{"line":30,"column":5}}],"line":28},"1":{"loc":{"start":{"line":46,"column":4},"end":{"line":48,"column":5}},"type":"if","locations":[{"start":{"line":46,"column":4},"end":{"line":48,"column":5}},{"start":{"line":46,"column":4},"end":{"line":48,"column":5}}],"line":46}},"s":{"0":1,"1":2420,"2":758,"3":758,"4":758,"5":753,"6":3,"7":3,"8":5,"9":5,"10":5,"11":5,"12":2,"13":3,"14":537,"15":3,"16":1,"17":172,"18":2418,"19":172,"20":1},"f":{"0":2420,"1":758,"2":3,"3":3,"4":172},"b":{"0":[753,5],"1":[2,3]},"_coverageSchema":"43e27e138ebf9cfc5966b082cf9a028302ed4184","hash":"e20e3198b87c300e8957d48f5bd09c784ed17b7a","contentHash":"101dd098394b02b32dba8310453c0f55"},"/Users/gcsapo/Documents/eyeglass/lib/importers/ModuleImporter.js":{"path":"/Users/gcsapo/Documents/eyeglass/lib/importers/ModuleImporter.js","statementMap":{"0":{"start":{"line":3,"column":11},"end":{"line":3,"column":26}},"1":{"start":{"line":4,"column":19},"end":{"line":4,"column":50}},"2":{"start":{"line":5,"column":16},"end":{"line":5,"column":40}},"3":{"start":{"line":6,"column":22},"end":{"line":6,"column":50}},"4":{"start":{"line":14,"column":19},"end":{"line":14,"column":21}},"5":{"start":{"line":20,"column":19},"end":{"line":20,"column":45}},"6":{"start":{"line":22,"column":4},"end":{"line":44,"column":5}},"7":{"start":{"line":24,"column":6},"end":{"line":24,"column":32}},"8":{"start":{"line":26,"column":6},"end":{"line":37,"column":9}},"9":{"start":{"line":28,"column":8},"end":{"line":36,"column":9}},"10":{"start":{"line":29,"column":10},"end":{"line":29,"column":24}},"11":{"start":{"line":32,"column":10},"end":{"line":35,"column":13}},"12":{"start":{"line":40,"column":21},"end":{"line":42,"column":39}},"13":{"start":{"line":43,"column":6},"end":{"line":43,"column":36}},"14":{"start":{"line":48,"column":2},"end":{"line":48,"column":16}},"15":{"start":{"line":54,"column":21},"end":{"line":54,"column":42}},"16":{"start":{"line":57,"column":2},"end":{"line":57,"column":37}},"17":{"start":{"line":60,"column":2},"end":{"line":62,"column":3}},"18":{"start":{"line":61,"column":4},"end":{"line":61,"column":62}},"19":{"start":{"line":65,"column":2},"end":{"line":70,"column":3}},"20":{"start":{"line":67,"column":4},"end":{"line":69,"column":7}},"21":{"start":{"line":68,"column":6},"end":{"line":68,"column":68}},"22":{"start":{"line":72,"column":22},"end":{"line":72,"column":49}},"23":{"start":{"line":74,"column":2},"end":{"line":74,"column":54}},"24":{"start":{"line":84,"column":21},"end":{"line":84,"column":41}},"25":{"start":{"line":85,"column":13},"end":{"line":85,"column":34}},"26":{"start":{"line":87,"c
[...]
:3},"1":{"name":"(anonymous_1)","decl":{"start":{"line":5,"column":62},"end":{"line":5,"column":63}},"loc":{"start":{"line":5,"column":92},"end":{"line":17,"column":5}},"line":5},"2":{"name":"(anonymous_2)","decl":{"start":{"line":6,"column":50},"end":{"line":6,"column":51}},"loc":{"start":{"line":6,"column":76},"end":{"line":16,"column":7}},"line":6}},"branchMap":{"0":{"loc":{"start":{"line":7,"column":8},"end":{"line":15,"column":9}},"type":"if","locations":[{"start":{"line":7,"column":8},"end":{"line":15,"column":9}},{"start":{"line":7,"column":8},"end":{"line":15,"column":9}}],"line":7},"1":{"loc":{"start":{"line":8,"column":10},"end":{"line":12,"column":11}},"type":"if","locations":[{"start":{"line":8,"column":10},"end":{"line":12,"column":11}},{"start":{"line":8,"column":10},"end":{"line":12,"column":11}}],"line":8}},"s":{"0":1,"1":172,"2":128,"3":128,"4":8,"5":2,"6":6,"7":120},"f":{"0":172,"1":128,"2":128},"b":{"0":[8,120],"1":[2,6]},"_coverageSchema":"43e27e138ebf9cfc5966b082cf9a028302ed4184","hash":"0f8347d47fe677057c3246cb72959ca3526a4154","contentHash":"5bec0b6ba134ee9ecf90542db5126cf7"},"/Users/gcsapo/Documents/eyeglass/lib/functions/normalize-uri.js":{"path":"/Users/gcsapo/Documents/eyeglass/lib/functions/normalize-uri.js","statementMap":{"0":{"start":{"line":3,"column":10},"end":{"line":3,"column":32}},"1":{"start":{"line":4,"column":16},"end":{"line":4,"column":54}},"2":{"start":{"line":6,"column":0},"end":{"line":33,"column":2}},"3":{"start":{"line":7,"column":16},"end":{"line":20,"column":3}},"4":{"start":{"line":9,"column":16},"end":{"line":9,"column":31}},"5":{"start":{"line":11,"column":6},"end":{"line":11,"column":30}},"6":{"start":{"line":12,"column":6},"end":{"line":12,"column":35}},"7":{"start":{"line":15,"column":16},"end":{"line":15,"column":31}},"8":{"start":{"line":17,"column":6},"end":{"line":17,"column":29}},"9":{"start":{"line":18,"column":6},"end":{"line":18,"column":35}},"10":{"start":{"line":22,"column":2},"end":{"line":30,"column":3}},"11":{"start":{"line":23,"column":4},"end":{"line":29,"column":6}},"12":{"start":{"line":24,"column":17},"end":{"line":24,"column":33}},"13":{"start":{"line":25,"column":16},"end":{"line":25,"column":31}},"14":{"start":{"line":27,"column":6},"end":{"line":27,"column":27}},"15":{"start":{"line":28,"column":6},"end":{"line":28,"column":35}},"16":{"start":{"line":32,"column":2},"end":{"line":32,"column":17}}},"fnMap":{"0":{"name":"(anonymous_0)","decl":{"start":{"line":6,"column":17},"end":{"line":6,"column":18}},"loc":{"start":{"line":6,"column":42},"end":{"line":33,"column":1}},"line":6},"1":{"name":"(anonymous_1)","decl":{"start":{"line":8,"column":35},"end":{"line":8,"column":36}},"loc":{"start":{"line":8,"column":56},"end":{"line":13,"column":5}},"line":8},"2":{"name":"(anonymous_2)","decl":{"start":{"line":14,"column":34},"end":{"line":14,"column":35}},"loc":{"start":{"line":14,"column":55},"end":{"line":19,"column":5}},"line":14},"3":{"name":"(anonymous_3)","decl":{"start":{"line":23,"column":59},"end":{"line":23,"column":60}},"loc":{"start":{"line":23,"column":87},"end":{"line":29,"column":5}},"line":23}},"branchMap":{"0":{"loc":{"start":{"line":22,"column":2},"end":{"line":30,"column":3}},"type":"if","locations":[{"start":{"line":22,"column":2},"end":{"line":30,"column":3}},{"start":{"line":22,"column":2},"end":{"line":30,"column":3}}],"line":22},"1":{"loc":{"start":{"line":22,"column":6},"end":{"line":22,"column":55}},"type":"binary-expr","locations":[{"start":{"line":22,"column":6},"end":{"line":22,"column":15}},{"start":{"line":22,"column":19},"end":{"line":22,"column":55}}],"line":22}},"s":{"0":1,"1":1,"2":1,"3":172,"4":128,"5":128,"6":128,"7":120,"8":120,"9":120,"10":172,"11":145,"12":284,"13":284,"14":284,"15":284,"16":172},"f":{"0":172,"1":128,"2":120,"3":284},"b":{"0":[145,27],"1":[172,172]},"_coverageSchema":"43e27e138ebf9cfc5966b082cf9a028302ed4184","hash":"03425786076b5f42ed7b0701f698b54fee422bc4","contentHash":"476f037d507649f53fef9f35da55b1fc"},"/Users/gcsapo/Documents/eyeglass/lib/functions/version.js":{"path":"/Users/gcsapo/Documents/eyeglass/lib/functions/version.js","statementMap":{"0":{"start":{"line":3,"column":18},"end":{"line":3,"column":44}},"1":{"start":{"line":5,"column":0},"end":{"line":18,"column":2}},"2":{"start":{"line":6,"column":2},"end":{"line":17,"column":4}},"3":{"start":{"line":8,"column":17},"end":{"line":8,"column":59}},"4":{"start":{"line":9,"column":16},"end":{"line":9,"column":43}},"5":{"start":{"line":11,"column":6},"end":{"line":15,"column":7}},"6":{"start":{"line":12,"column":8},"end":{"line":12,"column":63}},"7":{"start":{"line":14,"column":8},"end":{"line":14,"column":33}}},"fnMap":{"0":{"name":"(anonymous_0)","decl":{"start":{"line":5,"column":17},"end":{"line":5,"column":18}},"loc":{"start":{"line":5,"column":42},"end":{"line":18,"column":1}},"line":5},"1":{"name":"(anonymous_1)","decl":{"start":{"line":7,"column":43},"end":{"line":7,"column":44}},"loc":{"start":{"line":7,"column":64},"end":{"line":16,"column":5}},"line":7}},"branchMap":{"0":{"loc":{"start":{"line":11,"column":6},"end":{"line":15,"column":7}},"type":"if","locations":[{"start":{"line":11,"column":6},"end":{"line":15,"column":7}},{"start":{"line":11,"column":6},"end":{"line":15,"column":7}}],"line":11},"1":{"loc":{"start":{"line":12,"column":33},"end":{"line":12,"column":61}},"type":"binary-expr","locations":[{"start":{"line":12,"column":33},"end":{"line":12,"column":44}},{"start":{"line":12,"column":48},"end":{"line":12,"column":61}}],"line":12}},"s":{"0":1,"1":1,"2":172,"3":6,"4":6,"5":6,"6":5,"7":1},"f":{"0":172,"1":6},"b":{"0":[5,1],"1":[5,1]},"_coverageSchema":"43e27e138ebf9cfc5966b082cf9a028302ed4184","hash":"91c2ce0d869e3a1ab0b81b4777f874dcf5cef7eb","contentHash":"b564fcb6b9d1ad01f1fb20f1a6914204"},"/Users/gcsapo/Documents/eyeglass/lib/functions/fs.js":{"path":"/Users/gcsapo/Documents/eyeglass/lib/functions/fs.js","statementMap":{"0":{"start":{"line":3,"column":9},"end":{"line":3,"column":22}},"1":{"start":{"line":4,"column":11},"end":{"line":4,"column":26}},"2":{"start":{"line":5,"column":11},"end":{"line":5,"column":26}},"3":{"start":{"line":10,"column":2},"end":{"line":10,"column":29}},"4":{"start":{"line":14,"column":2},"end":{"line":18,"column":3}},"5":{"start":{"line":15,"column":4},"end":{"line":15,"column":17}},"6":{"start":{"line":17,"column":4},"end":{"line":17,"column":16}},"7":{"start":{"line":21,"column":0},"end":{"line":189,"column":2}},"8":{"start":{"line":22,"column":18},"end":{"line":22,"column":50}},"9":{"start":{"line":25,"column":4},"end":{"line":25,"column":77}},"10":{"start":{"line":29,"column":18},"end":{"line":29,"column":53}},"11":{"start":{"line":31,"column":4},"end":{"line":33,"column":5}},"12":{"start":{"line":32,"column":6},"end":{"line":32,"column":18}},"13":{"start":{"line":35,"column":4},"end":{"line":42,"column":5}},"14":{"start":{"line":37,"column":6},"end":{"line":41,"column":9}},"15":{"start":{"line":38,"column":8},"end":{"line":40,"column":9}},"16":{"start":{"line":39,"column":10},"end":{"line":39,"column":22}},"17":{"start":{"line":45,"column":4},"end":{"line":45,"column":49}},"18":{"start":{"line":49,"column":4},"end":{"line":84,"column":5}},"19":{"start":{"line":50,"column":21},"end":{"line":54,"column":7}},"20":{"start":{"line":55,"column":6},"end":{"line":81,"column":9}},"21":{"start":{"line":57,"column":8},"end":{"line":60,"column":9}},"22":{"start":{"line":62,"column":28},"end":{"line":62,"column":30}},"23":{"start":{"line":63,"column":8},"end":{"line":79,"column":9}},"24":{"start":{"line":64,"column":30},"end":{"line":64,"column":50}},"25":{"start":{"line":65,"column":10},"end":{"line":71,"column":11}},"26":{"start":{"line":66,"column":12},"end":{"line":69,"column":13}},"27":{"start":{"line":67,"column":14},"end":{"line":67,"column":46}},"28":{"start":{"line":68,"column":14},"end":{"line":68,"column":21}},"29":{"start":{"line":70,"column":12},"end":{"line":70,"column":87}},"30":{"start":{"line":72,"column":10},"end":{"line":78,"column":11}},"31":{"start":{"line":73,"column":12},"end":{"line":76,"column":13}},"32":{"start":{"line":74,"column":14},"end":{"line":74,"column":46}},"33":{"start":{"line":75,"column":14},"end":{"line":75,"column":21}},"34":{"start":{"line":77,"column":12},"end":{"line":77,"column":59}},"35":{"start":{"line":80,"column":8},"end":{"line":80,"column":50}},"36":{"start":{"line":83,"column":6},"end":{"line":83,"column":39}},"37":{"start":{"line":87,"column":2},"end":{"line":188,"column":4}},"38":{"start":{"line":90,"column":21},"end":{"line":90,"column":49}},"39":{"start":{"line":91,"column":23},"end":{"line":91,"column":53}},"40":{"start":{"line":92,"column":34},"end":{"line":92,"column":75}},"41":{"start":{"line":93,"column":27},"end":{"line":93,"column":65}},"42":{"start":{"line":94,"column":8},"end":{"line":100,"column":9}},"43":{"start":{"line":95,"column":10},"end":{"line":95,"column":41}},"44":{"start":{"line":96,"column":25},"end":{"line":96,"column":59}},"45":{"start":{"line":97,"column":10},"end":{"line":97,"column":44}},"46":{"start":{"line":99,"column":10},"end":{"line":99,"column":72}},"47":{"start":{"line":103,"column":23},"end":{"line":103,"column":51}},"48":{"start":{"line":104,"column":19},"end":{"line":104,"column":52}},"49":{"start":{"line":105,"column":6},"end":{"line":105,"column":38}},"50":{"start":{"line":108,"column":25},"end":{"line":108,"column":50}},"51":{"start":{"line":109,"column":6},"end":{"line":117,"column":7}},"52":{"start":{"line":110,"column":8},"end":{"line":114,"column":9}},"53":{"start":{"line":111,"column":10},"end":{"line":111,"column":26}},"54":{"start":{"line":113,"column":10},"end":{"line":113,"column":27}},"55":{"start":{"line":116,"column":8},"end":{"line":116,"column":44}},"56":{"start":{"line":120,"column":6},"end":{"line":120,"column":40}},"57":{"start":{"line":123,"column":6},"end":{"line":123,"column":81}},"58":{"start":{"line":126,"column":6},"end":{"line":126,"column":81}},"59":{"start":{"line":129,"column":27},"end":{"line":129,"column":58}},"60":{"start":{"line":130,"column":6},"end":{"line":138,"column":8}},"61":{"start":{"line":141,"column":21},"end":{"line":141,"column":44}},"62":{"start":{"line":143,"column":6},"end":{"line":170,"column":7}},"63":{"start":{"line":144,"column":8},"end":{"line":167,"column":11}},"64":{"start":{"line":146,"column":10},"end":{"line":166,"column":11}},"65":{"start":{"line":149,"column":12},"end":{"line":165,"column":13}},"66":{"start":{"line":150,"column":29},"end":{"line":150,"column":54}},"67":{"start":{"line":152,"column":14},"end":{"line":161,"column":16}},"68":{"start":{"line":169,"column":8},"end":{"line":169,"column":40}},"69":{"start":{"line":173,"column":21},"end":{"line":173,"column":44}},"70":{"start":{"line":175,"column":6},"end":{"line":186,"column":7}},"71":{"start":{"line":176,"column":8},"end":{"line":183,"column":11}},"72":{"start":{"line":178,"column":10},"end":{"line":182,"column":11}},"73":{"start":{"line":181,"column":12},"end":{"line":181,"column":60}},"74":{"start":{"line":185,"column":8},"end":{"line":185,"column":40}}},"fnMap":{"0":{"name":"existsSync","decl":{"start":{"line":8,"column":9},"end":{"line":8,"column":19}},"loc":{"start":{"line":8,"column":26},"end":{"line":11,"column":1}},"line":8},"1":{"name":"pathInSandboxDir","decl":{"start":{"line":13,"column":9},"end":{"line":13,"column":25}},"loc":{"start":{"line":13,"column":46},"end":{"line":19,"column":1}},"line":13},"2":{"name":"(anonymous_2)","decl":{"start":{"line":21,"column":17},"end":{"line":21,"column":18}},"loc":{"start":{"line":21,"column":42},"end":{"line":189,"column":1}},"line":21},"3":{"name":"accessViolation","decl":{"start":{"line":24,"column":11},"end":{"line":24,"column":26}},"loc":{"start":{"line":24,"column":37},"end":{"line":26,"column":3}},"line":24},"4":{"name":"inSandbox","decl":{"start":{"line":28,"column":11},"end":{"line":28,"column":20}},"loc":{"start":{"line":28,"column":29},"end":{"line":46,"column":3}},"line":28},"5":{"name":"(anonymous_5)","decl":{"start":{"line":37,"column":26},"end":{"line":37,"column":27}},"loc":{"start":{"line":37,"column":39},"end":{"line":41,"column":7}},"line":37},"6":{"name":"globFiles","decl":{"start":{"line":48,"column":11},"end":{"line":48,"column":20}},"loc":{"start":{"line":48,"column":85},"end":{"line":85,"column":3}},"line":48},"7":{"name":"(anonymous_7)","decl":{"start":{"line":55,"column":34},"end":{"line":55,"column":35}},"loc":{"start":{"line":55,"column":57},"end":{"line":81,"column":7}},"line":55},"8":{"name":"(anonymous_8)","decl":{"start":{"line":89,"column":6},"end":{"line":89,"column":7}},"loc":{"start":{"line":89,"column":66},"end":{"line":101,"column":7}},"line":89},"9":{"name":"(anonymous_9)","decl":{"start":{"line":102,"column":38},"end":{"line":102,"column":39}},"loc":{"start":{"line":102,"column":63},"end":{"line":106,"column":5}},"line":102},"10":{"name":"(anonymous_10)","decl":{"start":{"line":107,"column":42},"end":{"line":107,"column":43}},"loc":{"start":{"line":107,"column":73},"end":{"line":118,"column":5}},"line":107},"11":{"name":"(anonymous_11)","decl":{"start":{"line":119,"column":36},"end":{"line":119,"column":37}},"loc":{"start":{"line":119,"column":51},"end":{"line":121,"column":5}},"line":119},"12":{"name":"(anonymous_12)","decl":{"start":{"line":122,"column":54},"end":{"line":122,"column":55}},"loc":{"start":{"line":122,"column":93},"end":{"line":124,"column":5}},"line":122},"13":{"name":"(anonymous_13)","decl":{"start":{"line":125,"column":60},"end":{"line":125,"column":61}},"loc":{"start":{"line":125,"column":99},"end":{"line":127,"column":5}},"line":125},"14":{"name":"(anonymous_14)","decl":{"start":{"line":128,"column":45},"end":{"line":128,"column":46}},"loc":{"start":{"line":128,"column":70},"end":{"line":139,"column":5}},"line":128},"15":{"name":"(anonymous_15)","decl":{"start":{"line":140,"column":35},"end":{"line":140,"column":36}},"loc":{"start":{"line":140,"column":64},"end":{"line":171,"column":5}},"line":140},"16":{"name":"(anonymous_16)","decl":{"start":{"line":144,"column":26},"end":{"line":144,"column":27}},"loc":{"start":{"line":144,"column":47},"end":{"line":167,"column":9}},"line":144},"17":{"name":"(anonymous_17)","decl":{"start":{"line":172,"column":40},"end":{"line":172,"column":41}},"loc":{"start":{"line":172,"column":69},"end":{"line":187,"column":5}},"line":172},"18":{"name":"(anonymous_18)","decl":{"start":{"line":176,"column":30},"end":{"line":176,"column":31}},"loc":{"start":{"line":176,"column":54},"end":{"line":183,"column":9}},"line":176}},"branchMap":{"0":{"loc":{"start":{"line":14,"column":2},"end":{"line":18,"column":3}},"type":"if","locations":[{"start":{"line":14,"column":2},"end":{"line":18,"column":3}},{"start":{"line":14,"column":2},"end":{"line":18,"column":3}}],"line":14},"1":{"loc":{"start":{"line":31,"column":4},"end":{"line":33,"column":5}},"type":"if","locations":[{"start":{"line":31,"column":4},"end":{"line":33,"column":5}},{"start":{"line":31,"column":4},"end":{"line":33,"column":5}}],"line":31},"2":{"loc":{"start":{"line":35,"column":4},"end":{"line":42,"column":5}},"type":"if","locations":[{"start":{"line":35,"column":4},"end":{"line":42,"column":5}},{"start":{"line":35,"column":4},"end":{"line":42,"column":5}}],"line":35},"3":{"loc":{"start":{"line":38,"column":8},"end":{"line":40,"column":9}},"type":"if","locations":[{"start":{"line":38,"column":8},"end":{"line":40,"column":9}},{"start":{"line":38,"column":8},"end":{"line":40,"column":9}}],"line":38},"4":{"loc":{"start":{"line":49,"column":4},"end":{"line":84,"column":5}},"type":"if","locations":[{"start":{"line":49,"column":4},"end":{"line":84,"column":5}},{"start":{"line":49,"column":4},"end":{"line":84,"column":5}}],"line":49},"5":{"loc":{"start":{"line":57,"column":8},"end":{"line":60,"column":9}},"type":"if","locations":[{"start":{"line":57,"column":8},"end":{"line":60,"column":9}}],"line":57},"6":{"loc":{"start":{"line":65,"column":10},"end":{"line":71,"column":11}},"type":"if","locations":[{"start":{"line":65,"column":10},"end":{"line":71,"column":11}},{"start":{"line":65,"column":10},"end":{"line":71,"column":11}}],"line":65},"7":{"loc":{"start":{"line":65,"column":14},"end":{"line":65,"column":49}},"type":"binary-expr","locations":[{"start":{"line":65,"column":14},"end":{"line":65,"column":27}},{"start":{"line":65,"column":31},"end":{"line":65,"column":49}}],"line":65},"8":{"loc":{"start":{"line":66,"column":12},"end":{"line":69,"column":13}},"type":"if","locations":[{"start":{"line":66,"column":12},"end":{"line":69,"column":13}},{"start":{"line":66,"column":12},"end":{"line":69,"column":13}}],"line":66},"9":{"loc":{"start":{"line":72,"column":10},"end":{"line":78,"column":11}},"type":"if","locations":[{"start":{"line":72,"column":10},"end":{"line":78,"column":11}},{"start":{"line":72,"column":10},"end":{"line":78,"column":11}}],"line":72},"10":{"loc":{"start":{"line":72,"column":14},"end":{"line":72,"column":44}},"type":"binary-expr","locations":[{"start":{"line":72,"column":14},"end":{"line":72,"column":28}},{"start":{"line":72,"column":32},"end":{"line":72,"column":44}}],"line":72},"11":{"loc":{"start":{"line":73,"column":12},"end":{"line":76,"column":13}},"type":"if","locations":[{"start":{"line":73,"column":12},"end":{"line":76,"column":13}},{"start":{"line":73,"column":12},"end":{"line":76,"column":13}}],"line":73},"12":{"loc":{"start":{"line":94,"column":8},"end":{"line":100,"column":9}},"type":"if","locations":[{"start":{"line":94,"column":8},"end":{"line":100,"column":9}},{"start":{"line":94,"column":8},"end":{"line":100,"column":9}}],"line":94},"13":{"loc":{"start":{"line":109,"column":6},"end":{"line":117,"column":7}},"type":"if","locations":[{"start":{"line":109,"column":6},"end":{"line":117,"column":7}},{"start":{"line":109,"column":6},"end":{"line":117,"column":7}}],"line":109},"14":{"loc":{"start":{"line":110,"column":8},"end":{"line":114,"column":9}},"type":"if","locations":[{"start":{"line":110,"column":8},"end":{"line":114,"column":9}},{"start":{"line":110,"column":8},"end":{"line":114,"column":9}}],"line":110},"15":{"loc":{"start":{"line":143,"column":6},"end":{"line":170,"column":7}},"type":"if","locations":[{"start":{"line":143,"column":6},"end":{"line":170,"column":7}},{"start":{"line":143,"column":6},"end":{"line":170,"column":7}}],"line":143},"16":{"loc":{"start":{"line":146,"column":10},"end":{"line":166,"column":11}},"type":"if","locations":[{"start":{"line":146,"column":10},"end":{"line":166,"column":11}}],"line":146},"17":{"loc":{"start":{"line":175,"column":6},"end":{"line":186,"column":7}},"type":"if","locations":[{"start":{"line":175,"column":6},"end":{"line":186,"column":7}},{"start":{"line":175,"column":6},"end":{"line":186,"column":7}}],"line":175},"18":{"loc":{"start":{"line":178,"column":10},"end":{"line":182,"column":11}},"type":"if","locations":[{"start":{"line":178,"column":10},"end":{"line":182,"column":11}}],"line":178}},"s":{"0":1,"1":1,"2":1,"3":7,"4":20,"5":7,"6":13,"7":1,"8":172,"9":7,"10":31,"11":31,"12":10,"13":21,"14":20,"15":20,"16":13,"17":1,"18":7,"19":6,"20":6,"21":6,"22":6,"23":6,"24":16,"25":16,"26":3,"27":1,"28":1,"29":2,"30":15,"31":6,"32":1,"33":1,"34":5,"35":4,"36":1,"37":172,"38":26,"39":26,"40":26,"41":26,"42":26,"43":25,"44":25,"45":25,"46":1,"47":1,"48":1,"49":1,"50":8,"51":8,"52":7,"53":3,"54":4,"55":1,"56":25,"57":5,"58":2,"59":1,"60":1,"61":5,"62":5,"63":2,"64":2,"65":2,"66":2,"67":2,"68":2,"69":2,"70":2,"71":1,"72":1,"73":1,"74":1},"f":{"0":7,"1":20,"2":172,"3":7,"4":31,"5":20,"6":7,"7":6,"8":26,"9":1,"10":8,"11":25,"12":5,"13":2,"14":1,"15":5,"16":2,"17":2,"18":1},"b":{"0":[7,13],"1":[10,21],"2":[20,1],"3":[13,7],"4":[6,1],"5":[6],"6":[3,13],"7":[16,6],"8":[1,2],"9":[6,9],"10":[15,10],"11":[1,5],"12":[25,1],"13":[7,1],"14":[3,4],"15":[2,2],"16":[2],"17":[1,1],"18":[1]},"_coverageSchema":"43e27e138ebf9cfc5966b082cf9a028302ed4184","hash":"43d887bf90a90891fe6ce73fc5c2b6a05d7570e0","contentHash":"8f00bec533771af1f5eb9228ca8244bd"}}